mode: set
train-ticket-booking/cmd/server/main.go:5.13,7.2 1 0
train-ticket-booking/proto/train_ticket.pb.go:33.24,38.2 4 0
train-ticket-booking/proto/train_ticket.pb.go:40.32,42.2 1 0
train-ticket-booking/proto/train_ticket.pb.go:44.30,44.31 0 0
train-ticket-booking/proto/train_ticket.pb.go:46.52,48.14 2 0
train-ticket-booking/proto/train_ticket.pb.go:48.14,50.34 2 0
train-ticket-booking/proto/train_ticket.pb.go:50.34,52.4 1 0
train-ticket-booking/proto/train_ticket.pb.go:53.3,53.12 1 0
train-ticket-booking/proto/train_ticket.pb.go:55.2,55.24 1 0
train-ticket-booking/proto/train_ticket.pb.go:59.43,61.2 1 0
train-ticket-booking/proto/train_ticket.pb.go:63.38,64.14 1 0
train-ticket-booking/proto/train_ticket.pb.go:64.14,66.3 1 0
train-ticket-booking/proto/train_ticket.pb.go:67.2,67.11 1 0
train-ticket-booking/proto/train_ticket.pb.go:70.37,71.14 1 0
train-ticket-booking/proto/train_ticket.pb.go:71.14,73.3 1 0
train-ticket-booking/proto/train_ticket.pb.go:74.2,74.11 1 0
train-ticket-booking/proto/train_ticket.pb.go:77.34,78.14 1 0
train-ticket-booking/proto/train_ticket.pb.go:78.14,80.3 1 0
train-ticket-booking/proto/train_ticket.pb.go:81.2,81.11 1 0
train-ticket-booking/proto/train_ticket.pb.go:96.26,101.2 4 0
train-ticket-booking/proto/train_ticket.pb.go:103.34,105.2 1 0
train-ticket-booking/proto/train_ticket.pb.go:107.32,107.33 0 0
train-ticket-booking/proto/train_ticket.pb.go:109.54,111.14 2 0
train-ticket-booking/proto/train_ticket.pb.go:111.14,113.34 2 0
train-ticket-booking/proto/train_ticket.pb.go:113.34,115.4 1 0
train-ticket-booking/proto/train_ticket.pb.go:116.3,116.12 1 0
train-ticket-booking/proto/train_ticket.pb.go:118.2,118.24 1 0
train-ticket-booking/proto/train_ticket.pb.go:122.45,124.2 1 0
train-ticket-booking/proto/train_ticket.pb.go:126.35,127.14 1 0
train-ticket-booking/proto/train_ticket.pb.go:127.14,129.3 1 0
train-ticket-booking/proto/train_ticket.pb.go:130.2,130.11 1 0
train-ticket-booking/proto/train_ticket.pb.go:133.33,134.14 1 0
train-ticket-booking/proto/train_ticket.pb.go:134.14,136.3 1 0
train-ticket-booking/proto/train_ticket.pb.go:137.2,137.11 1 0
train-ticket-booking/proto/train_ticket.pb.go:140.34,141.14 1 0
train-ticket-booking/proto/train_ticket.pb.go:141.14,143.3 1 0
train-ticket-booking/proto/train_ticket.pb.go:144.2,144.12 1 0
train-ticket-booking/proto/train_ticket.pb.go:147.37,148.14 1 0
train-ticket-booking/proto/train_ticket.pb.go:148.14,150.3 1 0
train-ticket-booking/proto/train_ticket.pb.go:151.2,151.10 1 0
train-ticket-booking/proto/train_ticket.pb.go:154.35,155.14 1 0
train-ticket-booking/proto/train_ticket.pb.go:155.14,157.3 1 0
train-ticket-booking/proto/train_ticket.pb.go:158.2,158.11 1 0
train-ticket-booking/proto/train_ticket.pb.go:161.38,162.14 1 0
train-ticket-booking/proto/train_ticket.pb.go:162.14,164.3 1 0
train-ticket-booking/proto/train_ticket.pb.go:165.2,165.11 1 0
train-ticket-booking/proto/train_ticket.pb.go:178.35,183.2 4 0
train-ticket-booking/proto/train_ticket.pb.go:185.43,187.2 1 0
train-ticket-booking/proto/train_ticket.pb.go:189.41,189.42 0 0
train-ticket-booking/proto/train_ticket.pb.go:191.63,193.14 2 0
train-ticket-booking/proto/train_ticket.pb.go:193.14,195.34 2 0
train-ticket-booking/proto/train_ticket.pb.go:195.34,197.4 1 0
train-ticket-booking/proto/train_ticket.pb.go:198.3,198.12 1 0
train-ticket-booking/proto/train_ticket.pb.go:200.2,200.24 1 0
train-ticket-booking/proto/train_ticket.pb.go:204.54,206.2 1 0
train-ticket-booking/proto/train_ticket.pb.go:208.44,209.14 1 0
train-ticket-booking/proto/train_ticket.pb.go:209.14,211.3 1 0
train-ticket-booking/proto/train_ticket.pb.go:212.2,212.11 1 0
train-ticket-booking/proto/train_ticket.pb.go:215.42,216.14 1 0
train-ticket-booking/proto/train_ticket.pb.go:216.14,218.3 1 0
train-ticket-booking/proto/train_ticket.pb.go:219.2,219.11 1 0
train-ticket-booking/proto/train_ticket.pb.go:222.43,223.14 1 0
train-ticket-booking/proto/train_ticket.pb.go:223.14,225.3 1 0
train-ticket-booking/proto/train_ticket.pb.go:226.2,226.12 1 0
train-ticket-booking/proto/train_ticket.pb.go:229.50,230.14 1 0
train-ticket-booking/proto/train_ticket.pb.go:230.14,232.3 1 0
train-ticket-booking/proto/train_ticket.pb.go:233.2,233.10 1 0
train-ticket-booking/proto/train_ticket.pb.go:244.36,249.2 4 0
train-ticket-booking/proto/train_ticket.pb.go:251.44,253.2 1 0
train-ticket-booking/proto/train_ticket.pb.go:255.42,255.43 0 0
train-ticket-booking/proto/train_ticket.pb.go:257.64,259.14 2 0
train-ticket-booking/proto/train_ticket.pb.go:259.14,261.34 2 0
train-ticket-booking/proto/train_ticket.pb.go:261.34,263.4 1 0
train-ticket-booking/proto/train_ticket.pb.go:264.3,264.12 1 0
train-ticket-booking/proto/train_ticket.pb.go:266.2,266.24 1 0
train-ticket-booking/proto/train_ticket.pb.go:270.55,272.2 1 0
train-ticket-booking/proto/train_ticket.pb.go:274.48,275.14 1 0
train-ticket-booking/proto/train_ticket.pb.go:275.14,277.3 1 0
train-ticket-booking/proto/train_ticket.pb.go:278.2,278.12 1 0
train-ticket-booking/proto/train_ticket.pb.go:281.48,282.14 1 0
train-ticket-booking/proto/train_ticket.pb.go:282.14,284.3 1 0
train-ticket-booking/proto/train_ticket.pb.go:285.2,285.11 1 0
train-ticket-booking/proto/train_ticket.pb.go:298.27,303.2 4 0
train-ticket-booking/proto/train_ticket.pb.go:305.35,307.2 1 0
train-ticket-booking/proto/train_ticket.pb.go:309.33,309.34 0 0
train-ticket-booking/proto/train_ticket.pb.go:311.55,313.14 2 0
train-ticket-booking/proto/train_ticket.pb.go:313.14,315.34 2 0
train-ticket-booking/proto/train_ticket.pb.go:315.34,317.4 1 0
train-ticket-booking/proto/train_ticket.pb.go:318.3,318.12 1 0
train-ticket-booking/proto/train_ticket.pb.go:320.2,320.24 1 0
train-ticket-booking/proto/train_ticket.pb.go:324.46,326.2 1 0
train-ticket-booking/proto/train_ticket.pb.go:328.36,329.14 1 0
train-ticket-booking/proto/train_ticket.pb.go:329.14,331.3 1 0
train-ticket-booking/proto/train_ticket.pb.go:332.2,332.11 1 0
train-ticket-booking/proto/train_ticket.pb.go:335.34,336.14 1 0
train-ticket-booking/proto/train_ticket.pb.go:336.14,338.3 1 0
train-ticket-booking/proto/train_ticket.pb.go:339.2,339.11 1 0
train-ticket-booking/proto/train_ticket.pb.go:342.35,343.14 1 0
train-ticket-booking/proto/train_ticket.pb.go:343.14,345.3 1 0
train-ticket-booking/proto/train_ticket.pb.go:346.2,346.12 1 0
train-ticket-booking/proto/train_ticket.pb.go:349.42,350.14 1 0
train-ticket-booking/proto/train_ticket.pb.go:350.14,352.3 1 0
train-ticket-booking/proto/train_ticket.pb.go:353.2,353.10 1 0
train-ticket-booking/proto/train_ticket.pb.go:363.34,368.2 4 0
train-ticket-booking/proto/train_ticket.pb.go:370.42,372.2 1 0
train-ticket-booking/proto/train_ticket.pb.go:374.40,374.41 0 0
train-ticket-booking/proto/train_ticket.pb.go:376.62,378.14 2 0
train-ticket-booking/proto/train_ticket.pb.go:378.14,380.34 2 0
train-ticket-booking/proto/train_ticket.pb.go:380.34,382.4 1 0
train-ticket-booking/proto/train_ticket.pb.go:383.3,383.12 1 0
train-ticket-booking/proto/train_ticket.pb.go:385.2,385.24 1 0
train-ticket-booking/proto/train_ticket.pb.go:389.53,391.2 1 0
train-ticket-booking/proto/train_ticket.pb.go:393.44,394.14 1 0
train-ticket-booking/proto/train_ticket.pb.go:394.14,396.3 1 0
train-ticket-booking/proto/train_ticket.pb.go:397.2,397.11 1 0
train-ticket-booking/proto/train_ticket.pb.go:408.35,413.2 4 0
train-ticket-booking/proto/train_ticket.pb.go:415.43,417.2 1 0
train-ticket-booking/proto/train_ticket.pb.go:419.41,419.42 0 0
train-ticket-booking/proto/train_ticket.pb.go:421.63,423.14 2 0
train-ticket-booking/proto/train_ticket.pb.go:423.14,425.34 2 0
train-ticket-booking/proto/train_ticket.pb.go:425.34,427.4 1 0
train-ticket-booking/proto/train_ticket.pb.go:428.3,428.12 1 0
train-ticket-booking/proto/train_ticket.pb.go:430.2,430.24 1 0
train-ticket-booking/proto/train_ticket.pb.go:434.54,436.2 1 0
train-ticket-booking/proto/train_ticket.pb.go:438.49,439.14 1 0
train-ticket-booking/proto/train_ticket.pb.go:439.14,441.3 1 0
train-ticket-booking/proto/train_ticket.pb.go:442.2,442.12 1 0
train-ticket-booking/proto/train_ticket.pb.go:445.47,446.14 1 0
train-ticket-booking/proto/train_ticket.pb.go:446.14,448.3 1 0
train-ticket-booking/proto/train_ticket.pb.go:449.2,449.11 1 0
train-ticket-booking/proto/train_ticket.pb.go:459.41,464.2 4 0
train-ticket-booking/proto/train_ticket.pb.go:466.49,468.2 1 0
train-ticket-booking/proto/train_ticket.pb.go:470.47,470.48 0 0
train-ticket-booking/proto/train_ticket.pb.go:472.69,474.14 2 0
train-ticket-booking/proto/train_ticket.pb.go:474.14,476.34 2 0
train-ticket-booking/proto/train_ticket.pb.go:476.34,478.4 1 0
train-ticket-booking/proto/train_ticket.pb.go:479.3,479.12 1 0
train-ticket-booking/proto/train_ticket.pb.go:481.2,481.24 1 0
train-ticket-booking/proto/train_ticket.pb.go:485.60,487.2 1 0
train-ticket-booking/proto/train_ticket.pb.go:489.53,490.14 1 0
train-ticket-booking/proto/train_ticket.pb.go:490.14,492.3 1 0
train-ticket-booking/proto/train_ticket.pb.go:493.2,493.11 1 0
train-ticket-booking/proto/train_ticket.pb.go:504.32,509.2 4 0
train-ticket-booking/proto/train_ticket.pb.go:511.40,513.2 1 0
train-ticket-booking/proto/train_ticket.pb.go:515.38,515.39 0 0
train-ticket-booking/proto/train_ticket.pb.go:517.60,519.14 2 0
train-ticket-booking/proto/train_ticket.pb.go:519.14,521.34 2 0
train-ticket-booking/proto/train_ticket.pb.go:521.34,523.4 1 0
train-ticket-booking/proto/train_ticket.pb.go:524.3,524.12 1 0
train-ticket-booking/proto/train_ticket.pb.go:526.2,526.24 1 0
train-ticket-booking/proto/train_ticket.pb.go:530.51,532.2 1 0
train-ticket-booking/proto/train_ticket.pb.go:534.40,535.14 1 0
train-ticket-booking/proto/train_ticket.pb.go:535.14,537.3 1 0
train-ticket-booking/proto/train_ticket.pb.go:538.2,538.12 1 0
train-ticket-booking/proto/train_ticket.pb.go:541.41,542.14 1 0
train-ticket-booking/proto/train_ticket.pb.go:542.14,544.3 1 0
train-ticket-booking/proto/train_ticket.pb.go:545.2,545.11 1 0
train-ticket-booking/proto/train_ticket.pb.go:556.42,561.2 4 0
train-ticket-booking/proto/train_ticket.pb.go:563.50,565.2 1 0
train-ticket-booking/proto/train_ticket.pb.go:567.48,567.49 0 0
train-ticket-booking/proto/train_ticket.pb.go:569.70,571.14 2 0
train-ticket-booking/proto/train_ticket.pb.go:571.14,573.34 2 0
train-ticket-booking/proto/train_ticket.pb.go:573.34,575.4 1 0
train-ticket-booking/proto/train_ticket.pb.go:576.3,576.12 1 0
train-ticket-booking/proto/train_ticket.pb.go:578.2,578.24 1 0
train-ticket-booking/proto/train_ticket.pb.go:582.61,584.2 1 0
train-ticket-booking/proto/train_ticket.pb.go:586.68,587.14 1 0
train-ticket-booking/proto/train_ticket.pb.go:587.14,589.3 1 0
train-ticket-booking/proto/train_ticket.pb.go:590.2,590.12 1 0
train-ticket-booking/proto/train_ticket.pb.go:593.54,594.14 1 0
train-ticket-booking/proto/train_ticket.pb.go:594.14,596.3 1 0
train-ticket-booking/proto/train_ticket.pb.go:597.2,597.11 1 0
train-ticket-booking/proto/train_ticket.pb.go:607.37,612.2 4 0
train-ticket-booking/proto/train_ticket.pb.go:614.45,616.2 1 0
train-ticket-booking/proto/train_ticket.pb.go:618.43,618.44 0 0
train-ticket-booking/proto/train_ticket.pb.go:620.65,622.14 2 0
train-ticket-booking/proto/train_ticket.pb.go:622.14,624.34 2 0
train-ticket-booking/proto/train_ticket.pb.go:624.34,626.4 1 0
train-ticket-booking/proto/train_ticket.pb.go:627.3,627.12 1 0
train-ticket-booking/proto/train_ticket.pb.go:629.2,629.24 1 0
train-ticket-booking/proto/train_ticket.pb.go:633.56,635.2 1 0
train-ticket-booking/proto/train_ticket.pb.go:637.47,638.14 1 0
train-ticket-booking/proto/train_ticket.pb.go:638.14,640.3 1 0
train-ticket-booking/proto/train_ticket.pb.go:641.2,641.11 1 0
train-ticket-booking/proto/train_ticket.pb.go:652.38,657.2 4 0
train-ticket-booking/proto/train_ticket.pb.go:659.46,661.2 1 0
train-ticket-booking/proto/train_ticket.pb.go:663.44,663.45 0 0
train-ticket-booking/proto/train_ticket.pb.go:665.66,667.14 2 0
train-ticket-booking/proto/train_ticket.pb.go:667.14,669.34 2 0
train-ticket-booking/proto/train_ticket.pb.go:669.34,671.4 1 0
train-ticket-booking/proto/train_ticket.pb.go:672.3,672.12 1 0
train-ticket-booking/proto/train_ticket.pb.go:674.2,674.24 1 0
train-ticket-booking/proto/train_ticket.pb.go:678.57,680.2 1 0
train-ticket-booking/proto/train_ticket.pb.go:682.48,683.14 1 0
train-ticket-booking/proto/train_ticket.pb.go:683.14,685.3 1 0
train-ticket-booking/proto/train_ticket.pb.go:686.2,686.14 1 0
train-ticket-booking/proto/train_ticket.pb.go:689.50,690.14 1 0
train-ticket-booking/proto/train_ticket.pb.go:690.14,692.3 1 0
train-ticket-booking/proto/train_ticket.pb.go:693.2,693.11 1 0
train-ticket-booking/proto/train_ticket.pb.go:705.37,710.2 4 0
train-ticket-booking/proto/train_ticket.pb.go:712.45,714.2 1 0
train-ticket-booking/proto/train_ticket.pb.go:716.43,716.44 0 0
train-ticket-booking/proto/train_ticket.pb.go:718.65,720.14 2 0
train-ticket-booking/proto/train_ticket.pb.go:720.14,722.34 2 0
train-ticket-booking/proto/train_ticket.pb.go:722.34,724.4 1 0
train-ticket-booking/proto/train_ticket.pb.go:725.3,725.12 1 0
train-ticket-booking/proto/train_ticket.pb.go:727.2,727.24 1 0
train-ticket-booking/proto/train_ticket.pb.go:731.56,733.2 1 0
train-ticket-booking/proto/train_ticket.pb.go:735.47,736.14 1 0
train-ticket-booking/proto/train_ticket.pb.go:736.14,738.3 1 0
train-ticket-booking/proto/train_ticket.pb.go:739.2,739.11 1 0
train-ticket-booking/proto/train_ticket.pb.go:742.49,743.14 1 0
train-ticket-booking/proto/train_ticket.pb.go:743.14,745.3 1 0
train-ticket-booking/proto/train_ticket.pb.go:746.2,746.11 1 0
train-ticket-booking/proto/train_ticket.pb.go:749.52,750.14 1 0
train-ticket-booking/proto/train_ticket.pb.go:750.14,752.3 1 0
train-ticket-booking/proto/train_ticket.pb.go:753.2,753.11 1 0
train-ticket-booking/proto/train_ticket.pb.go:766.38,771.2 4 0
train-ticket-booking/proto/train_ticket.pb.go:773.46,775.2 1 0
train-ticket-booking/proto/train_ticket.pb.go:777.44,777.45 0 0
train-ticket-booking/proto/train_ticket.pb.go:779.66,781.14 2 0
train-ticket-booking/proto/train_ticket.pb.go:781.14,783.34 2 0
train-ticket-booking/proto/train_ticket.pb.go:783.34,785.4 1 0
train-ticket-booking/proto/train_ticket.pb.go:786.3,786.12 1 0
train-ticket-booking/proto/train_ticket.pb.go:788.2,788.24 1 0
train-ticket-booking/proto/train_ticket.pb.go:792.57,794.2 1 0
train-ticket-booking/proto/train_ticket.pb.go:796.48,797.14 1 0
train-ticket-booking/proto/train_ticket.pb.go:797.14,799.3 1 0
train-ticket-booking/proto/train_ticket.pb.go:800.2,800.14 1 0
train-ticket-booking/proto/train_ticket.pb.go:803.50,804.14 1 0
train-ticket-booking/proto/train_ticket.pb.go:804.14,806.3 1 0
train-ticket-booking/proto/train_ticket.pb.go:807.2,807.11 1 0
train-ticket-booking/proto/train_ticket.pb.go:810.53,811.14 1 0
train-ticket-booking/proto/train_ticket.pb.go:811.14,813.3 1 0
train-ticket-booking/proto/train_ticket.pb.go:814.2,814.11 1 0
train-ticket-booking/proto/train_ticket.pb.go:817.50,818.14 1 0
train-ticket-booking/proto/train_ticket.pb.go:818.14,820.3 1 0
train-ticket-booking/proto/train_ticket.pb.go:821.2,821.11 1 0
train-ticket-booking/proto/train_ticket.pb.go:940.51,941.48 1 0
train-ticket-booking/proto/train_ticket.pb.go:941.48,943.3 1 0
train-ticket-booking/proto/train_ticket.pb.go:944.2,944.44 1 0
train-ticket-booking/proto/train_ticket.pb.go:989.13,989.47 1 0
train-ticket-booking/proto/train_ticket.pb.go:990.37,991.36 1 0
train-ticket-booking/proto/train_ticket.pb.go:991.36,993.3 1 0
train-ticket-booking/proto/train_ticket.pb.go:994.2,1010.39 5 0
train-ticket-booking/proto/train_ticket_grpc.pb.go:44.88,46.2 1 0
train-ticket-booking/proto/train_ticket_grpc.pb.go:48.145,52.16 4 0
train-ticket-booking/proto/train_ticket_grpc.pb.go:52.16,54.3 1 0
train-ticket-booking/proto/train_ticket_grpc.pb.go:55.2,55.17 1 0
train-ticket-booking/proto/train_ticket_grpc.pb.go:58.139,62.16 4 0
train-ticket-booking/proto/train_ticket_grpc.pb.go:62.16,64.3 1 0
train-ticket-booking/proto/train_ticket_grpc.pb.go:65.2,65.17 1 0
train-ticket-booking/proto/train_ticket_grpc.pb.go:68.160,72.16 4 0
train-ticket-booking/proto/train_ticket_grpc.pb.go:72.16,74.3 1 0
train-ticket-booking/proto/train_ticket_grpc.pb.go:75.2,75.17 1 0
train-ticket-booking/proto/train_ticket_grpc.pb.go:78.145,82.16 4 0
train-ticket-booking/proto/train_ticket_grpc.pb.go:82.16,84.3 1 0
train-ticket-booking/proto/train_ticket_grpc.pb.go:85.2,85.17 1 0
train-ticket-booking/proto/train_ticket_grpc.pb.go:88.145,92.16 4 0
train-ticket-booking/proto/train_ticket_grpc.pb.go:92.16,94.3 1 0
train-ticket-booking/proto/train_ticket_grpc.pb.go:95.2,95.17 1 0
train-ticket-booking/proto/train_ticket_grpc.pb.go:117.123,119.2 1 0
train-ticket-booking/proto/train_ticket_grpc.pb.go:120.117,122.2 1 0
train-ticket-booking/proto/train_ticket_grpc.pb.go:123.138,125.2 1 0
train-ticket-booking/proto/train_ticket_grpc.pb.go:126.123,128.2 1 0
train-ticket-booking/proto/train_ticket_grpc.pb.go:129.123,131.2 1 0
train-ticket-booking/proto/train_ticket_grpc.pb.go:132.96,132.97 0 0
train-ticket-booking/proto/train_ticket_grpc.pb.go:133.96,133.97 0 0
train-ticket-booking/proto/train_ticket_grpc.pb.go:142.94,147.59 1 0
train-ticket-booking/proto/train_ticket_grpc.pb.go:147.59,149.3 1 0
train-ticket-booking/proto/train_ticket_grpc.pb.go:150.2,150.57 1 0
train-ticket-booking/proto/train_ticket_grpc.pb.go:153.178,155.32 2 0
train-ticket-booking/proto/train_ticket_grpc.pb.go:155.32,157.3 1 0
train-ticket-booking/proto/train_ticket_grpc.pb.go:158.2,158.24 1 0
train-ticket-booking/proto/train_ticket_grpc.pb.go:158.24,160.3 1 0
train-ticket-booking/proto/train_ticket_grpc.pb.go:161.2,165.77 2 0
train-ticket-booking/proto/train_ticket_grpc.pb.go:165.77,167.3 1 0
train-ticket-booking/proto/train_ticket_grpc.pb.go:168.2,168.44 1 0
train-ticket-booking/proto/train_ticket_grpc.pb.go:171.174,173.32 2 0
train-ticket-booking/proto/train_ticket_grpc.pb.go:173.32,175.3 1 0
train-ticket-booking/proto/train_ticket_grpc.pb.go:176.2,176.24 1 0
train-ticket-booking/proto/train_ticket_grpc.pb.go:176.24,178.3 1 0
train-ticket-booking/proto/train_ticket_grpc.pb.go:179.2,183.77 2 0
train-ticket-booking/proto/train_ticket_grpc.pb.go:183.77,185.3 1 0
train-ticket-booking/proto/train_ticket_grpc.pb.go:186.2,186.44 1 0
train-ticket-booking/proto/train_ticket_grpc.pb.go:189.181,191.32 2 0
train-ticket-booking/proto/train_ticket_grpc.pb.go:191.32,193.3 1 0
train-ticket-booking/proto/train_ticket_grpc.pb.go:194.2,194.24 1 0
train-ticket-booking/proto/train_ticket_grpc.pb.go:194.24,196.3 1 0
train-ticket-booking/proto/train_ticket_grpc.pb.go:197.2,201.77 2 0
train-ticket-booking/proto/train_ticket_grpc.pb.go:201.77,203.3 1 0
train-ticket-booking/proto/train_ticket_grpc.pb.go:204.2,204.44 1 0
train-ticket-booking/proto/train_ticket_grpc.pb.go:207.174,209.32 2 0
train-ticket-booking/proto/train_ticket_grpc.pb.go:209.32,211.3 1 0
train-ticket-booking/proto/train_ticket_grpc.pb.go:212.2,212.24 1 0
train-ticket-booking/proto/train_ticket_grpc.pb.go:212.24,214.3 1 0
train-ticket-booking/proto/train_ticket_grpc.pb.go:215.2,219.77 2 0
train-ticket-booking/proto/train_ticket_grpc.pb.go:219.77,221.3 1 0
train-ticket-booking/proto/train_ticket_grpc.pb.go:222.2,222.44 1 0
train-ticket-booking/proto/train_ticket_grpc.pb.go:225.174,227.32 2 0
train-ticket-booking/proto/train_ticket_grpc.pb.go:227.32,229.3 1 0
train-ticket-booking/proto/train_ticket_grpc.pb.go:230.2,230.24 1 0
train-ticket-booking/proto/train_ticket_grpc.pb.go:230.24,232.3 1 0
train-ticket-booking/proto/train_ticket_grpc.pb.go:233.2,237.77 2 0
train-ticket-booking/proto/train_ticket_grpc.pb.go:237.77,239.3 1 0
train-ticket-booking/proto/train_ticket_grpc.pb.go:240.2,240.44 1 0
train-ticket-booking/cmd/client/main.go:10.13,15.16 3 0
train-ticket-booking/cmd/client/main.go:15.16,17.3 1 0
train-ticket-booking/cmd/client/main.go:18.2,55.37 25 0
train-ticket-booking/adapters/in_memory_adapter.go:17.44,25.2 1 1
train-ticket-booking/adapters/in_memory_adapter.go:28.120,34.41 4 1
train-ticket-booking/adapters/in_memory_adapter.go:34.41,35.37 1 1
train-ticket-booking/adapters/in_memory_adapter.go:35.37,36.17 1 1
train-ticket-booking/adapters/in_memory_adapter.go:36.17,40.10 4 1
train-ticket-booking/adapters/in_memory_adapter.go:43.3,43.25 1 1
train-ticket-booking/adapters/in_memory_adapter.go:43.25,44.9 1 1
train-ticket-booking/adapters/in_memory_adapter.go:48.2,48.24 1 1
train-ticket-booking/adapters/in_memory_adapter.go:48.24,50.3 1 1
train-ticket-booking/adapters/in_memory_adapter.go:53.2,55.21 3 1
train-ticket-booking/adapters/in_memory_adapter.go:59.77,64.13 4 1
train-ticket-booking/adapters/in_memory_adapter.go:64.13,66.3 1 1
train-ticket-booking/adapters/in_memory_adapter.go:68.2,69.22 2 1
train-ticket-booking/adapters/in_memory_adapter.go:73.93,78.35 4 1
train-ticket-booking/adapters/in_memory_adapter.go:78.35,79.32 1 1
train-ticket-booking/adapters/in_memory_adapter.go:79.32,84.4 1 1
train-ticket-booking/adapters/in_memory_adapter.go:87.2,87.21 1 1
train-ticket-booking/adapters/in_memory_adapter.go:87.21,89.3 1 1
train-ticket-booking/adapters/in_memory_adapter.go:90.2,90.20 1 1
train-ticket-booking/adapters/in_memory_adapter.go:94.58,99.13 4 1
train-ticket-booking/adapters/in_memory_adapter.go:99.13,101.3 1 1
train-ticket-booking/adapters/in_memory_adapter.go:104.2,107.12 3 1
train-ticket-booking/adapters/in_memory_adapter.go:111.79,116.13 4 1
train-ticket-booking/adapters/in_memory_adapter.go:116.13,118.3 1 1
train-ticket-booking/adapters/in_memory_adapter.go:121.2,121.70 1 1
train-ticket-booking/adapters/in_memory_adapter.go:121.70,123.3 1 1
train-ticket-booking/adapters/in_memory_adapter.go:126.2,133.12 5 1
train-ticket-booking/api/ticket_service.go:19.71,21.2 1 1
train-ticket-booking/api/ticket_service.go:24.116,27.16 3 1
train-ticket-booking/api/ticket_service.go:27.16,29.3 1 1
train-ticket-booking/api/ticket_service.go:31.2,41.8 1 1
train-ticket-booking/api/ticket_service.go:45.110,47.16 2 1
train-ticket-booking/api/ticket_service.go:47.16,49.3 1 1
train-ticket-booking/api/ticket_service.go:51.2,59.8 1 1
train-ticket-booking/api/ticket_service.go:63.131,65.16 2 1
train-ticket-booking/api/ticket_service.go:65.16,67.3 1 1
train-ticket-booking/api/ticket_service.go:69.2,70.38 2 1
train-ticket-booking/api/ticket_service.go:70.38,79.3 1 1
train-ticket-booking/api/ticket_service.go:81.2,84.8 1 1
train-ticket-booking/api/ticket_service.go:88.116,90.16 2 1
train-ticket-booking/api/ticket_service.go:90.16,92.3 1 1
train-ticket-booking/api/ticket_service.go:94.2,97.8 1 1
train-ticket-booking/api/ticket_service.go:101.116,103.16 2 1
train-ticket-booking/api/ticket_service.go:103.16,105.3 1 1
train-ticket-booking/api/ticket_service.go:107.2,112.8 1 1
train-ticket-booking/proto/train_ticket.pb.go:33.24,38.2 4 0
train-ticket-booking/proto/train_ticket.pb.go:40.32,42.2 1 0
train-ticket-booking/proto/train_ticket.pb.go:44.30,44.31 0 0
train-ticket-booking/proto/train_ticket.pb.go:46.52,48.14 2 0
train-ticket-booking/proto/train_ticket.pb.go:48.14,50.34 2 0
train-ticket-booking/proto/train_ticket.pb.go:50.34,52.4 1 0
train-ticket-booking/proto/train_ticket.pb.go:53.3,53.12 1 0
train-ticket-booking/proto/train_ticket.pb.go:55.2,55.24 1 0
train-ticket-booking/proto/train_ticket.pb.go:59.43,61.2 1 0
train-ticket-booking/proto/train_ticket.pb.go:63.38,64.14 1 0
train-ticket-booking/proto/train_ticket.pb.go:64.14,66.3 1 0
train-ticket-booking/proto/train_ticket.pb.go:67.2,67.11 1 0
train-ticket-booking/proto/train_ticket.pb.go:70.37,71.14 1 0
train-ticket-booking/proto/train_ticket.pb.go:71.14,73.3 1 0
train-ticket-booking/proto/train_ticket.pb.go:74.2,74.11 1 0
train-ticket-booking/proto/train_ticket.pb.go:77.34,78.14 1 0
train-ticket-booking/proto/train_ticket.pb.go:78.14,80.3 1 0
train-ticket-booking/proto/train_ticket.pb.go:81.2,81.11 1 0
train-ticket-booking/proto/train_ticket.pb.go:96.26,101.2 4 0
train-ticket-booking/proto/train_ticket.pb.go:103.34,105.2 1 0
train-ticket-booking/proto/train_ticket.pb.go:107.32,107.33 0 0
train-ticket-booking/proto/train_ticket.pb.go:109.54,111.14 2 0
train-ticket-booking/proto/train_ticket.pb.go:111.14,113.34 2 0
train-ticket-booking/proto/train_ticket.pb.go:113.34,115.4 1 0
train-ticket-booking/proto/train_ticket.pb.go:116.3,116.12 1 0
train-ticket-booking/proto/train_ticket.pb.go:118.2,118.24 1 0
train-ticket-booking/proto/train_ticket.pb.go:122.45,124.2 1 0
train-ticket-booking/proto/train_ticket.pb.go:126.35,127.14 1 0
train-ticket-booking/proto/train_ticket.pb.go:127.14,129.3 1 0
train-ticket-booking/proto/train_ticket.pb.go:130.2,130.11 1 0
train-ticket-booking/proto/train_ticket.pb.go:133.33,134.14 1 0
train-ticket-booking/proto/train_ticket.pb.go:134.14,136.3 1 0
train-ticket-booking/proto/train_ticket.pb.go:137.2,137.11 1 0
train-ticket-booking/proto/train_ticket.pb.go:140.34,141.14 1 0
train-ticket-booking/proto/train_ticket.pb.go:141.14,143.3 1 0
train-ticket-booking/proto/train_ticket.pb.go:144.2,144.12 1 0
train-ticket-booking/proto/train_ticket.pb.go:147.37,148.14 1 0
train-ticket-booking/proto/train_ticket.pb.go:148.14,150.3 1 0
train-ticket-booking/proto/train_ticket.pb.go:151.2,151.10 1 0
train-ticket-booking/proto/train_ticket.pb.go:154.35,155.14 1 0
train-ticket-booking/proto/train_ticket.pb.go:155.14,157.3 1 0
train-ticket-booking/proto/train_ticket.pb.go:158.2,158.11 1 0
train-ticket-booking/proto/train_ticket.pb.go:161.38,162.14 1 0
train-ticket-booking/proto/train_ticket.pb.go:162.14,164.3 1 0
train-ticket-booking/proto/train_ticket.pb.go:165.2,165.11 1 0
train-ticket-booking/proto/train_ticket.pb.go:178.35,183.2 4 0
train-ticket-booking/proto/train_ticket.pb.go:185.43,187.2 1 0
train-ticket-booking/proto/train_ticket.pb.go:189.41,189.42 0 0
train-ticket-booking/proto/train_ticket.pb.go:191.63,193.14 2 0
train-ticket-booking/proto/train_ticket.pb.go:193.14,195.34 2 0
train-ticket-booking/proto/train_ticket.pb.go:195.34,197.4 1 0
train-ticket-booking/proto/train_ticket.pb.go:198.3,198.12 1 0
train-ticket-booking/proto/train_ticket.pb.go:200.2,200.24 1 0
train-ticket-booking/proto/train_ticket.pb.go:204.54,206.2 1 0
train-ticket-booking/proto/train_ticket.pb.go:208.44,209.14 1 0
train-ticket-booking/proto/train_ticket.pb.go:209.14,211.3 1 0
train-ticket-booking/proto/train_ticket.pb.go:212.2,212.11 1 0
train-ticket-booking/proto/train_ticket.pb.go:215.42,216.14 1 0
train-ticket-booking/proto/train_ticket.pb.go:216.14,218.3 1 0
train-ticket-booking/proto/train_ticket.pb.go:219.2,219.11 1 0
train-ticket-booking/proto/train_ticket.pb.go:222.43,223.14 1 0
train-ticket-booking/proto/train_ticket.pb.go:223.14,225.3 1 0
train-ticket-booking/proto/train_ticket.pb.go:226.2,226.12 1 0
train-ticket-booking/proto/train_ticket.pb.go:229.50,230.14 1 0
train-ticket-booking/proto/train_ticket.pb.go:230.14,232.3 1 0
train-ticket-booking/proto/train_ticket.pb.go:233.2,233.10 1 0
train-ticket-booking/proto/train_ticket.pb.go:244.36,249.2 4 0
train-ticket-booking/proto/train_ticket.pb.go:251.44,253.2 1 0
train-ticket-booking/proto/train_ticket.pb.go:255.42,255.43 0 0
train-ticket-booking/proto/train_ticket.pb.go:257.64,259.14 2 0
train-ticket-booking/proto/train_ticket.pb.go:259.14,261.34 2 0
train-ticket-booking/proto/train_ticket.pb.go:261.34,263.4 1 0
train-ticket-booking/proto/train_ticket.pb.go:264.3,264.12 1 0
train-ticket-booking/proto/train_ticket.pb.go:266.2,266.24 1 0
train-ticket-booking/proto/train_ticket.pb.go:270.55,272.2 1 0
train-ticket-booking/proto/train_ticket.pb.go:274.48,275.14 1 0
train-ticket-booking/proto/train_ticket.pb.go:275.14,277.3 1 0
train-ticket-booking/proto/train_ticket.pb.go:278.2,278.12 1 0
train-ticket-booking/proto/train_ticket.pb.go:281.48,282.14 1 0
train-ticket-booking/proto/train_ticket.pb.go:282.14,284.3 1 0
train-ticket-booking/proto/train_ticket.pb.go:285.2,285.11 1 0
train-ticket-booking/proto/train_ticket.pb.go:298.27,303.2 4 0
train-ticket-booking/proto/train_ticket.pb.go:305.35,307.2 1 0
train-ticket-booking/proto/train_ticket.pb.go:309.33,309.34 0 0
train-ticket-booking/proto/train_ticket.pb.go:311.55,313.14 2 0
train-ticket-booking/proto/train_ticket.pb.go:313.14,315.34 2 0
train-ticket-booking/proto/train_ticket.pb.go:315.34,317.4 1 0
train-ticket-booking/proto/train_ticket.pb.go:318.3,318.12 1 0
train-ticket-booking/proto/train_ticket.pb.go:320.2,320.24 1 0
train-ticket-booking/proto/train_ticket.pb.go:324.46,326.2 1 0
train-ticket-booking/proto/train_ticket.pb.go:328.36,329.14 1 0
train-ticket-booking/proto/train_ticket.pb.go:329.14,331.3 1 0
train-ticket-booking/proto/train_ticket.pb.go:332.2,332.11 1 0
train-ticket-booking/proto/train_ticket.pb.go:335.34,336.14 1 0
train-ticket-booking/proto/train_ticket.pb.go:336.14,338.3 1 0
train-ticket-booking/proto/train_ticket.pb.go:339.2,339.11 1 0
train-ticket-booking/proto/train_ticket.pb.go:342.35,343.14 1 0
train-ticket-booking/proto/train_ticket.pb.go:343.14,345.3 1 0
train-ticket-booking/proto/train_ticket.pb.go:346.2,346.12 1 0
train-ticket-booking/proto/train_ticket.pb.go:349.42,350.14 1 0
train-ticket-booking/proto/train_ticket.pb.go:350.14,352.3 1 0
train-ticket-booking/proto/train_ticket.pb.go:353.2,353.10 1 0
train-ticket-booking/proto/train_ticket.pb.go:363.34,368.2 4 0
train-ticket-booking/proto/train_ticket.pb.go:370.42,372.2 1 0
train-ticket-booking/proto/train_ticket.pb.go:374.40,374.41 0 0
train-ticket-booking/proto/train_ticket.pb.go:376.62,378.14 2 0
train-ticket-booking/proto/train_ticket.pb.go:378.14,380.34 2 0
train-ticket-booking/proto/train_ticket.pb.go:380.34,382.4 1 0
train-ticket-booking/proto/train_ticket.pb.go:383.3,383.12 1 0
train-ticket-booking/proto/train_ticket.pb.go:385.2,385.24 1 0
train-ticket-booking/proto/train_ticket.pb.go:389.53,391.2 1 0
train-ticket-booking/proto/train_ticket.pb.go:393.44,394.14 1 0
train-ticket-booking/proto/train_ticket.pb.go:394.14,396.3 1 0
train-ticket-booking/proto/train_ticket.pb.go:397.2,397.11 1 0
train-ticket-booking/proto/train_ticket.pb.go:408.35,413.2 4 0
train-ticket-booking/proto/train_ticket.pb.go:415.43,417.2 1 0
train-ticket-booking/proto/train_ticket.pb.go:419.41,419.42 0 0
train-ticket-booking/proto/train_ticket.pb.go:421.63,423.14 2 0
train-ticket-booking/proto/train_ticket.pb.go:423.14,425.34 2 0
train-ticket-booking/proto/train_ticket.pb.go:425.34,427.4 1 0
train-ticket-booking/proto/train_ticket.pb.go:428.3,428.12 1 0
train-ticket-booking/proto/train_ticket.pb.go:430.2,430.24 1 0
train-ticket-booking/proto/train_ticket.pb.go:434.54,436.2 1 0
train-ticket-booking/proto/train_ticket.pb.go:438.49,439.14 1 0
train-ticket-booking/proto/train_ticket.pb.go:439.14,441.3 1 0
train-ticket-booking/proto/train_ticket.pb.go:442.2,442.12 1 0
train-ticket-booking/proto/train_ticket.pb.go:445.47,446.14 1 0
train-ticket-booking/proto/train_ticket.pb.go:446.14,448.3 1 0
train-ticket-booking/proto/train_ticket.pb.go:449.2,449.11 1 0
train-ticket-booking/proto/train_ticket.pb.go:459.41,464.2 4 0
train-ticket-booking/proto/train_ticket.pb.go:466.49,468.2 1 0
train-ticket-booking/proto/train_ticket.pb.go:470.47,470.48 0 0
train-ticket-booking/proto/train_ticket.pb.go:472.69,474.14 2 0
train-ticket-booking/proto/train_ticket.pb.go:474.14,476.34 2 0
train-ticket-booking/proto/train_ticket.pb.go:476.34,478.4 1 0
train-ticket-booking/proto/train_ticket.pb.go:479.3,479.12 1 0
train-ticket-booking/proto/train_ticket.pb.go:481.2,481.24 1 0
train-ticket-booking/proto/train_ticket.pb.go:485.60,487.2 1 0
train-ticket-booking/proto/train_ticket.pb.go:489.53,490.14 1 0
train-ticket-booking/proto/train_ticket.pb.go:490.14,492.3 1 0
train-ticket-booking/proto/train_ticket.pb.go:493.2,493.11 1 0
train-ticket-booking/proto/train_ticket.pb.go:504.32,509.2 4 0
train-ticket-booking/proto/train_ticket.pb.go:511.40,513.2 1 0
train-ticket-booking/proto/train_ticket.pb.go:515.38,515.39 0 0
train-ticket-booking/proto/train_ticket.pb.go:517.60,519.14 2 0
train-ticket-booking/proto/train_ticket.pb.go:519.14,521.34 2 0
train-ticket-booking/proto/train_ticket.pb.go:521.34,523.4 1 0
train-ticket-booking/proto/train_ticket.pb.go:524.3,524.12 1 0
train-ticket-booking/proto/train_ticket.pb.go:526.2,526.24 1 0
train-ticket-booking/proto/train_ticket.pb.go:530.51,532.2 1 0
train-ticket-booking/proto/train_ticket.pb.go:534.40,535.14 1 0
train-ticket-booking/proto/train_ticket.pb.go:535.14,537.3 1 0
train-ticket-booking/proto/train_ticket.pb.go:538.2,538.12 1 0
train-ticket-booking/proto/train_ticket.pb.go:541.41,542.14 1 0
train-ticket-booking/proto/train_ticket.pb.go:542.14,544.3 1 0
train-ticket-booking/proto/train_ticket.pb.go:545.2,545.11 1 0
train-ticket-booking/proto/train_ticket.pb.go:556.42,561.2 4 0
train-ticket-booking/proto/train_ticket.pb.go:563.50,565.2 1 0
train-ticket-booking/proto/train_ticket.pb.go:567.48,567.49 0 0
train-ticket-booking/proto/train_ticket.pb.go:569.70,571.14 2 0
train-ticket-booking/proto/train_ticket.pb.go:571.14,573.34 2 0
train-ticket-booking/proto/train_ticket.pb.go:573.34,575.4 1 0
train-ticket-booking/proto/train_ticket.pb.go:576.3,576.12 1 0
train-ticket-booking/proto/train_ticket.pb.go:578.2,578.24 1 0
train-ticket-booking/proto/train_ticket.pb.go:582.61,584.2 1 0
train-ticket-booking/proto/train_ticket.pb.go:586.68,587.14 1 0
train-ticket-booking/proto/train_ticket.pb.go:587.14,589.3 1 0
train-ticket-booking/proto/train_ticket.pb.go:590.2,590.12 1 0
train-ticket-booking/proto/train_ticket.pb.go:593.54,594.14 1 0
train-ticket-booking/proto/train_ticket.pb.go:594.14,596.3 1 0
train-ticket-booking/proto/train_ticket.pb.go:597.2,597.11 1 0
train-ticket-booking/proto/train_ticket.pb.go:607.37,612.2 4 0
train-ticket-booking/proto/train_ticket.pb.go:614.45,616.2 1 0
train-ticket-booking/proto/train_ticket.pb.go:618.43,618.44 0 0
train-ticket-booking/proto/train_ticket.pb.go:620.65,622.14 2 0
train-ticket-booking/proto/train_ticket.pb.go:622.14,624.34 2 0
train-ticket-booking/proto/train_ticket.pb.go:624.34,626.4 1 0
train-ticket-booking/proto/train_ticket.pb.go:627.3,627.12 1 0
train-ticket-booking/proto/train_ticket.pb.go:629.2,629.24 1 0
train-ticket-booking/proto/train_ticket.pb.go:633.56,635.2 1 0
train-ticket-booking/proto/train_ticket.pb.go:637.47,638.14 1 0
train-ticket-booking/proto/train_ticket.pb.go:638.14,640.3 1 0
train-ticket-booking/proto/train_ticket.pb.go:641.2,641.11 1 0
train-ticket-booking/proto/train_ticket.pb.go:652.38,657.2 4 0
train-ticket-booking/proto/train_ticket.pb.go:659.46,661.2 1 0
train-ticket-booking/proto/train_ticket.pb.go:663.44,663.45 0 0
train-ticket-booking/proto/train_ticket.pb.go:665.66,667.14 2 0
train-ticket-booking/proto/train_ticket.pb.go:667.14,669.34 2 0
train-ticket-booking/proto/train_ticket.pb.go:669.34,671.4 1 0
train-ticket-booking/proto/train_ticket.pb.go:672.3,672.12 1 0
train-ticket-booking/proto/train_ticket.pb.go:674.2,674.24 1 0
train-ticket-booking/proto/train_ticket.pb.go:678.57,680.2 1 0
train-ticket-booking/proto/train_ticket.pb.go:682.48,683.14 1 0
train-ticket-booking/proto/train_ticket.pb.go:683.14,685.3 1 0
train-ticket-booking/proto/train_ticket.pb.go:686.2,686.14 1 0
train-ticket-booking/proto/train_ticket.pb.go:689.50,690.14 1 0
train-ticket-booking/proto/train_ticket.pb.go:690.14,692.3 1 0
train-ticket-booking/proto/train_ticket.pb.go:693.2,693.11 1 0
train-ticket-booking/proto/train_ticket.pb.go:705.37,710.2 4 0
train-ticket-booking/proto/train_ticket.pb.go:712.45,714.2 1 0
train-ticket-booking/proto/train_ticket.pb.go:716.43,716.44 0 0
train-ticket-booking/proto/train_ticket.pb.go:718.65,720.14 2 0
train-ticket-booking/proto/train_ticket.pb.go:720.14,722.34 2 0
train-ticket-booking/proto/train_ticket.pb.go:722.34,724.4 1 0
train-ticket-booking/proto/train_ticket.pb.go:725.3,725.12 1 0
train-ticket-booking/proto/train_ticket.pb.go:727.2,727.24 1 0
train-ticket-booking/proto/train_ticket.pb.go:731.56,733.2 1 0
train-ticket-booking/proto/train_ticket.pb.go:735.47,736.14 1 0
train-ticket-booking/proto/train_ticket.pb.go:736.14,738.3 1 0
train-ticket-booking/proto/train_ticket.pb.go:739.2,739.11 1 0
train-ticket-booking/proto/train_ticket.pb.go:742.49,743.14 1 0
train-ticket-booking/proto/train_ticket.pb.go:743.14,745.3 1 0
train-ticket-booking/proto/train_ticket.pb.go:746.2,746.11 1 0
train-ticket-booking/proto/train_ticket.pb.go:749.52,750.14 1 0
train-ticket-booking/proto/train_ticket.pb.go:750.14,752.3 1 0
train-ticket-booking/proto/train_ticket.pb.go:753.2,753.11 1 0
train-ticket-booking/proto/train_ticket.pb.go:766.38,771.2 4 0
train-ticket-booking/proto/train_ticket.pb.go:773.46,775.2 1 0
train-ticket-booking/proto/train_ticket.pb.go:777.44,777.45 0 0
train-ticket-booking/proto/train_ticket.pb.go:779.66,781.14 2 0
train-ticket-booking/proto/train_ticket.pb.go:781.14,783.34 2 0
train-ticket-booking/proto/train_ticket.pb.go:783.34,785.4 1 0
train-ticket-booking/proto/train_ticket.pb.go:786.3,786.12 1 0
train-ticket-booking/proto/train_ticket.pb.go:788.2,788.24 1 0
train-ticket-booking/proto/train_ticket.pb.go:792.57,794.2 1 0
train-ticket-booking/proto/train_ticket.pb.go:796.48,797.14 1 0
train-ticket-booking/proto/train_ticket.pb.go:797.14,799.3 1 0
train-ticket-booking/proto/train_ticket.pb.go:800.2,800.14 1 0
train-ticket-booking/proto/train_ticket.pb.go:803.50,804.14 1 0
train-ticket-booking/proto/train_ticket.pb.go:804.14,806.3 1 0
train-ticket-booking/proto/train_ticket.pb.go:807.2,807.11 1 0
train-ticket-booking/proto/train_ticket.pb.go:810.53,811.14 1 0
train-ticket-booking/proto/train_ticket.pb.go:811.14,813.3 1 0
train-ticket-booking/proto/train_ticket.pb.go:814.2,814.11 1 0
train-ticket-booking/proto/train_ticket.pb.go:817.50,818.14 1 0
train-ticket-booking/proto/train_ticket.pb.go:818.14,820.3 1 0
train-ticket-booking/proto/train_ticket.pb.go:821.2,821.11 1 0
train-ticket-booking/proto/train_ticket.pb.go:940.51,941.48 1 0
train-ticket-booking/proto/train_ticket.pb.go:941.48,943.3 1 0
train-ticket-booking/proto/train_ticket.pb.go:944.2,944.44 1 0
train-ticket-booking/proto/train_ticket.pb.go:989.13,989.47 1 1
train-ticket-booking/proto/train_ticket.pb.go:990.37,991.36 1 1
train-ticket-booking/proto/train_ticket.pb.go:991.36,993.3 1 0
train-ticket-booking/proto/train_ticket.pb.go:994.2,1010.39 5 1
train-ticket-booking/proto/train_ticket_grpc.pb.go:44.88,46.2 1 0
train-ticket-booking/proto/train_ticket_grpc.pb.go:48.145,52.16 4 0
train-ticket-booking/proto/train_ticket_grpc.pb.go:52.16,54.3 1 0
train-ticket-booking/proto/train_ticket_grpc.pb.go:55.2,55.17 1 0
train-ticket-booking/proto/train_ticket_grpc.pb.go:58.139,62.16 4 0
train-ticket-booking/proto/train_ticket_grpc.pb.go:62.16,64.3 1 0
train-ticket-booking/proto/train_ticket_grpc.pb.go:65.2,65.17 1 0
train-ticket-booking/proto/train_ticket_grpc.pb.go:68.160,72.16 4 0
train-ticket-booking/proto/train_ticket_grpc.pb.go:72.16,74.3 1 0
train-ticket-booking/proto/train_ticket_grpc.pb.go:75.2,75.17 1 0
train-ticket-booking/proto/train_ticket_grpc.pb.go:78.145,82.16 4 0
train-ticket-booking/proto/train_ticket_grpc.pb.go:82.16,84.3 1 0
train-ticket-booking/proto/train_ticket_grpc.pb.go:85.2,85.17 1 0
train-ticket-booking/proto/train_ticket_grpc.pb.go:88.145,92.16 4 0
train-ticket-booking/proto/train_ticket_grpc.pb.go:92.16,94.3 1 0
train-ticket-booking/proto/train_ticket_grpc.pb.go:95.2,95.17 1 0
train-ticket-booking/proto/train_ticket_grpc.pb.go:117.123,119.2 1 0
train-ticket-booking/proto/train_ticket_grpc.pb.go:120.117,122.2 1 0
train-ticket-booking/proto/train_ticket_grpc.pb.go:123.138,125.2 1 0
train-ticket-booking/proto/train_ticket_grpc.pb.go:126.123,128.2 1 0
train-ticket-booking/proto/train_ticket_grpc.pb.go:129.123,131.2 1 0
train-ticket-booking/proto/train_ticket_grpc.pb.go:132.96,132.97 0 0
train-ticket-booking/proto/train_ticket_grpc.pb.go:133.96,133.97 0 0
train-ticket-booking/proto/train_ticket_grpc.pb.go:142.94,147.59 1 0
train-ticket-booking/proto/train_ticket_grpc.pb.go:147.59,149.3 1 0
train-ticket-booking/proto/train_ticket_grpc.pb.go:150.2,150.57 1 0
train-ticket-booking/proto/train_ticket_grpc.pb.go:153.178,155.32 2 0
train-ticket-booking/proto/train_ticket_grpc.pb.go:155.32,157.3 1 0
train-ticket-booking/proto/train_ticket_grpc.pb.go:158.2,158.24 1 0
train-ticket-booking/proto/train_ticket_grpc.pb.go:158.24,160.3 1 0
train-ticket-booking/proto/train_ticket_grpc.pb.go:161.2,165.77 2 0
train-ticket-booking/proto/train_ticket_grpc.pb.go:165.77,167.3 1 0
train-ticket-booking/proto/train_ticket_grpc.pb.go:168.2,168.44 1 0
train-ticket-booking/proto/train_ticket_grpc.pb.go:171.174,173.32 2 0
train-ticket-booking/proto/train_ticket_grpc.pb.go:173.32,175.3 1 0
train-ticket-booking/proto/train_ticket_grpc.pb.go:176.2,176.24 1 0
train-ticket-booking/proto/train_ticket_grpc.pb.go:176.24,178.3 1 0
train-ticket-booking/proto/train_ticket_grpc.pb.go:179.2,183.77 2 0
train-ticket-booking/proto/train_ticket_grpc.pb.go:183.77,185.3 1 0
train-ticket-booking/proto/train_ticket_grpc.pb.go:186.2,186.44 1 0
train-ticket-booking/proto/train_ticket_grpc.pb.go:189.181,191.32 2 0
train-ticket-booking/proto/train_ticket_grpc.pb.go:191.32,193.3 1 0
train-ticket-booking/proto/train_ticket_grpc.pb.go:194.2,194.24 1 0
train-ticket-booking/proto/train_ticket_grpc.pb.go:194.24,196.3 1 0
train-ticket-booking/proto/train_ticket_grpc.pb.go:197.2,201.77 2 0
train-ticket-booking/proto/train_ticket_grpc.pb.go:201.77,203.3 1 0
train-ticket-booking/proto/train_ticket_grpc.pb.go:204.2,204.44 1 0
train-ticket-booking/proto/train_ticket_grpc.pb.go:207.174,209.32 2 0
train-ticket-booking/proto/train_ticket_grpc.pb.go:209.32,211.3 1 0
train-ticket-booking/proto/train_ticket_grpc.pb.go:212.2,212.24 1 0
train-ticket-booking/proto/train_ticket_grpc.pb.go:212.24,214.3 1 0
train-ticket-booking/proto/train_ticket_grpc.pb.go:215.2,219.77 2 0
train-ticket-booking/proto/train_ticket_grpc.pb.go:219.77,221.3 1 0
train-ticket-booking/proto/train_ticket_grpc.pb.go:222.2,222.44 1 0
train-ticket-booking/proto/train_ticket_grpc.pb.go:225.174,227.32 2 0
train-ticket-booking/proto/train_ticket_grpc.pb.go:227.32,229.3 1 0
train-ticket-booking/proto/train_ticket_grpc.pb.go:230.2,230.24 1 0
train-ticket-booking/proto/train_ticket_grpc.pb.go:230.24,232.3 1 0
train-ticket-booking/proto/train_ticket_grpc.pb.go:233.2,237.77 2 0
train-ticket-booking/proto/train_ticket_grpc.pb.go:237.77,239.3 1 0
train-ticket-booking/proto/train_ticket_grpc.pb.go:240.2,240.44 1 0
train-ticket-booking/config/config.go:17.51,19.16 2 1
train-ticket-booking/config/config.go:19.16,21.3 1 1
train-ticket-booking/config/config.go:22.2,26.47 4 1
train-ticket-booking/config/config.go:26.47,28.3 1 1
train-ticket-booking/config/config.go:30.2,30.20 1 1
train-ticket-booking/config/config.go:34.46,36.16 2 1
train-ticket-booking/config/config.go:36.16,38.3 1 0
train-ticket-booking/config/config.go:39.2,39.15 1 1
train-ticket-booking/client/client.go:22.57,29.16 4 0
train-ticket-booking/client/client.go:29.16,31.3 1 0
train-ticket-booking/client/client.go:33.2,34.60 2 0
train-ticket-booking/client/client.go:38.47,40.2 1 0
train-ticket-booking/client/client.go:43.108,59.16 5 1
train-ticket-booking/client/client.go:59.16,61.3 1 0
train-ticket-booking/client/client.go:63.2,64.50 2 1
train-ticket-booking/client/client.go:68.54,74.16 5 1
train-ticket-booking/client/client.go:74.16,76.3 1 0
train-ticket-booking/client/client.go:78.2,79.52 2 1
train-ticket-booking/client/client.go:83.63,89.16 5 1
train-ticket-booking/client/client.go:89.16,91.3 1 0
train-ticket-booking/client/client.go:93.2,94.45 2 1
train-ticket-booking/client/client.go:94.45,97.3 1 1
train-ticket-booking/client/client.go:101.54,107.16 5 1
train-ticket-booking/client/client.go:107.16,109.3 1 0
train-ticket-booking/client/client.go:111.2,111.48 1 1
train-ticket-booking/client/client.go:115.75,126.16 5 1
train-ticket-booking/client/client.go:126.16,129.3 2 0
train-ticket-booking/client/client.go:131.2,132.78 2 1
train-ticket-booking/proto/train_ticket.pb.go:33.24,38.2 4 0
train-ticket-booking/proto/train_ticket.pb.go:40.32,42.2 1 0
train-ticket-booking/proto/train_ticket.pb.go:44.30,44.31 0 0
train-ticket-booking/proto/train_ticket.pb.go:46.52,48.14 2 1
train-ticket-booking/proto/train_ticket.pb.go:48.14,50.34 2 1
train-ticket-booking/proto/train_ticket.pb.go:50.34,52.4 1 1
train-ticket-booking/proto/train_ticket.pb.go:53.3,53.12 1 1
train-ticket-booking/proto/train_ticket.pb.go:55.2,55.24 1 1
train-ticket-booking/proto/train_ticket.pb.go:59.43,61.2 1 0
train-ticket-booking/proto/train_ticket.pb.go:63.38,64.14 1 0
train-ticket-booking/proto/train_ticket.pb.go:64.14,66.3 1 0
train-ticket-booking/proto/train_ticket.pb.go:67.2,67.11 1 0
train-ticket-booking/proto/train_ticket.pb.go:70.37,71.14 1 0
train-ticket-booking/proto/train_ticket.pb.go:71.14,73.3 1 0
train-ticket-booking/proto/train_ticket.pb.go:74.2,74.11 1 0
train-ticket-booking/proto/train_ticket.pb.go:77.34,78.14 1 0
train-ticket-booking/proto/train_ticket.pb.go:78.14,80.3 1 0
train-ticket-booking/proto/train_ticket.pb.go:81.2,81.11 1 0
train-ticket-booking/proto/train_ticket.pb.go:96.26,101.2 4 0
train-ticket-booking/proto/train_ticket.pb.go:103.34,105.2 1 1
train-ticket-booking/proto/train_ticket.pb.go:107.32,107.33 0 0
train-ticket-booking/proto/train_ticket.pb.go:109.54,111.14 2 1
train-ticket-booking/proto/train_ticket.pb.go:111.14,113.34 2 1
train-ticket-booking/proto/train_ticket.pb.go:113.34,115.4 1 1
train-ticket-booking/proto/train_ticket.pb.go:116.3,116.12 1 1
train-ticket-booking/proto/train_ticket.pb.go:118.2,118.24 1 1
train-ticket-booking/proto/train_ticket.pb.go:122.45,124.2 1 0
train-ticket-booking/proto/train_ticket.pb.go:126.35,127.14 1 0
train-ticket-booking/proto/train_ticket.pb.go:127.14,129.3 1 0
train-ticket-booking/proto/train_ticket.pb.go:130.2,130.11 1 0
train-ticket-booking/proto/train_ticket.pb.go:133.33,134.14 1 0
train-ticket-booking/proto/train_ticket.pb.go:134.14,136.3 1 0
train-ticket-booking/proto/train_ticket.pb.go:137.2,137.11 1 0
train-ticket-booking/proto/train_ticket.pb.go:140.34,141.14 1 0
train-ticket-booking/proto/train_ticket.pb.go:141.14,143.3 1 0
train-ticket-booking/proto/train_ticket.pb.go:144.2,144.12 1 0
train-ticket-booking/proto/train_ticket.pb.go:147.37,148.14 1 0
train-ticket-booking/proto/train_ticket.pb.go:148.14,150.3 1 0
train-ticket-booking/proto/train_ticket.pb.go:151.2,151.10 1 0
train-ticket-booking/proto/train_ticket.pb.go:154.35,155.14 1 0
train-ticket-booking/proto/train_ticket.pb.go:155.14,157.3 1 0
train-ticket-booking/proto/train_ticket.pb.go:158.2,158.11 1 0
train-ticket-booking/proto/train_ticket.pb.go:161.38,162.14 1 0
train-ticket-booking/proto/train_ticket.pb.go:162.14,164.3 1 0
train-ticket-booking/proto/train_ticket.pb.go:165.2,165.11 1 0
train-ticket-booking/proto/train_ticket.pb.go:178.35,183.2 4 1
train-ticket-booking/proto/train_ticket.pb.go:185.43,187.2 1 1
train-ticket-booking/proto/train_ticket.pb.go:189.41,189.42 0 0
train-ticket-booking/proto/train_ticket.pb.go:191.63,193.14 2 1
train-ticket-booking/proto/train_ticket.pb.go:193.14,195.34 2 1
train-ticket-booking/proto/train_ticket.pb.go:195.34,197.4 1 1
train-ticket-booking/proto/train_ticket.pb.go:198.3,198.12 1 1
train-ticket-booking/proto/train_ticket.pb.go:200.2,200.24 1 0
train-ticket-booking/proto/train_ticket.pb.go:204.54,206.2 1 0
train-ticket-booking/proto/train_ticket.pb.go:208.44,209.14 1 0
train-ticket-booking/proto/train_ticket.pb.go:209.14,211.3 1 0
train-ticket-booking/proto/train_ticket.pb.go:212.2,212.11 1 0
train-ticket-booking/proto/train_ticket.pb.go:215.42,216.14 1 0
train-ticket-booking/proto/train_ticket.pb.go:216.14,218.3 1 0
train-ticket-booking/proto/train_ticket.pb.go:219.2,219.11 1 0
train-ticket-booking/proto/train_ticket.pb.go:222.43,223.14 1 0
train-ticket-booking/proto/train_ticket.pb.go:223.14,225.3 1 0
train-ticket-booking/proto/train_ticket.pb.go:226.2,226.12 1 0
train-ticket-booking/proto/train_ticket.pb.go:229.50,230.14 1 0
train-ticket-booking/proto/train_ticket.pb.go:230.14,232.3 1 0
train-ticket-booking/proto/train_ticket.pb.go:233.2,233.10 1 0
train-ticket-booking/proto/train_ticket.pb.go:244.36,249.2 4 1
train-ticket-booking/proto/train_ticket.pb.go:251.44,253.2 1 0
train-ticket-booking/proto/train_ticket.pb.go:255.42,255.43 0 0
train-ticket-booking/proto/train_ticket.pb.go:257.64,259.14 2 1
train-ticket-booking/proto/train_ticket.pb.go:259.14,261.34 2 1
train-ticket-booking/proto/train_ticket.pb.go:261.34,263.4 1 1
train-ticket-booking/proto/train_ticket.pb.go:264.3,264.12 1 1
train-ticket-booking/proto/train_ticket.pb.go:266.2,266.24 1 0
train-ticket-booking/proto/train_ticket.pb.go:270.55,272.2 1 0
train-ticket-booking/proto/train_ticket.pb.go:274.48,275.14 1 0
train-ticket-booking/proto/train_ticket.pb.go:275.14,277.3 1 0
train-ticket-booking/proto/train_ticket.pb.go:278.2,278.12 1 0
train-ticket-booking/proto/train_ticket.pb.go:281.48,282.14 1 0
train-ticket-booking/proto/train_ticket.pb.go:282.14,284.3 1 0
train-ticket-booking/proto/train_ticket.pb.go:285.2,285.11 1 0
train-ticket-booking/proto/train_ticket.pb.go:298.27,303.2 4 0
train-ticket-booking/proto/train_ticket.pb.go:305.35,307.2 1 1
train-ticket-booking/proto/train_ticket.pb.go:309.33,309.34 0 0
train-ticket-booking/proto/train_ticket.pb.go:311.55,313.14 2 1
train-ticket-booking/proto/train_ticket.pb.go:313.14,315.34 2 1
train-ticket-booking/proto/train_ticket.pb.go:315.34,317.4 1 1
train-ticket-booking/proto/train_ticket.pb.go:318.3,318.12 1 1
train-ticket-booking/proto/train_ticket.pb.go:320.2,320.24 1 1
train-ticket-booking/proto/train_ticket.pb.go:324.46,326.2 1 0
train-ticket-booking/proto/train_ticket.pb.go:328.36,329.14 1 0
train-ticket-booking/proto/train_ticket.pb.go:329.14,331.3 1 0
train-ticket-booking/proto/train_ticket.pb.go:332.2,332.11 1 0
train-ticket-booking/proto/train_ticket.pb.go:335.34,336.14 1 0
train-ticket-booking/proto/train_ticket.pb.go:336.14,338.3 1 0
train-ticket-booking/proto/train_ticket.pb.go:339.2,339.11 1 0
train-ticket-booking/proto/train_ticket.pb.go:342.35,343.14 1 0
train-ticket-booking/proto/train_ticket.pb.go:343.14,345.3 1 0
train-ticket-booking/proto/train_ticket.pb.go:346.2,346.12 1 0
train-ticket-booking/proto/train_ticket.pb.go:349.42,350.14 1 0
train-ticket-booking/proto/train_ticket.pb.go:350.14,352.3 1 0
train-ticket-booking/proto/train_ticket.pb.go:353.2,353.10 1 0
train-ticket-booking/proto/train_ticket.pb.go:363.34,368.2 4 1
train-ticket-booking/proto/train_ticket.pb.go:370.42,372.2 1 1
train-ticket-booking/proto/train_ticket.pb.go:374.40,374.41 0 0
train-ticket-booking/proto/train_ticket.pb.go:376.62,378.14 2 1
train-ticket-booking/proto/train_ticket.pb.go:378.14,380.34 2 1
train-ticket-booking/proto/train_ticket.pb.go:380.34,382.4 1 1
train-ticket-booking/proto/train_ticket.pb.go:383.3,383.12 1 1
train-ticket-booking/proto/train_ticket.pb.go:385.2,385.24 1 0
train-ticket-booking/proto/train_ticket.pb.go:389.53,391.2 1 0
train-ticket-booking/proto/train_ticket.pb.go:393.44,394.14 1 0
train-ticket-booking/proto/train_ticket.pb.go:394.14,396.3 1 0
train-ticket-booking/proto/train_ticket.pb.go:397.2,397.11 1 0
train-ticket-booking/proto/train_ticket.pb.go:408.35,413.2 4 1
train-ticket-booking/proto/train_ticket.pb.go:415.43,417.2 1 0
train-ticket-booking/proto/train_ticket.pb.go:419.41,419.42 0 0
train-ticket-booking/proto/train_ticket.pb.go:421.63,423.14 2 1
train-ticket-booking/proto/train_ticket.pb.go:423.14,425.34 2 1
train-ticket-booking/proto/train_ticket.pb.go:425.34,427.4 1 1
train-ticket-booking/proto/train_ticket.pb.go:428.3,428.12 1 1
train-ticket-booking/proto/train_ticket.pb.go:430.2,430.24 1 0
train-ticket-booking/proto/train_ticket.pb.go:434.54,436.2 1 0
train-ticket-booking/proto/train_ticket.pb.go:438.49,439.14 1 0
train-ticket-booking/proto/train_ticket.pb.go:439.14,441.3 1 0
train-ticket-booking/proto/train_ticket.pb.go:442.2,442.12 1 0
train-ticket-booking/proto/train_ticket.pb.go:445.47,446.14 1 0
train-ticket-booking/proto/train_ticket.pb.go:446.14,448.3 1 0
train-ticket-booking/proto/train_ticket.pb.go:449.2,449.11 1 0
train-ticket-booking/proto/train_ticket.pb.go:459.41,464.2 4 1
train-ticket-booking/proto/train_ticket.pb.go:466.49,468.2 1 1
train-ticket-booking/proto/train_ticket.pb.go:470.47,470.48 0 0
train-ticket-booking/proto/train_ticket.pb.go:472.69,474.14 2 1
train-ticket-booking/proto/train_ticket.pb.go:474.14,476.34 2 1
train-ticket-booking/proto/train_ticket.pb.go:476.34,478.4 1 1
train-ticket-booking/proto/train_ticket.pb.go:479.3,479.12 1 1
train-ticket-booking/proto/train_ticket.pb.go:481.2,481.24 1 0
train-ticket-booking/proto/train_ticket.pb.go:485.60,487.2 1 0
train-ticket-booking/proto/train_ticket.pb.go:489.53,490.14 1 0
train-ticket-booking/proto/train_ticket.pb.go:490.14,492.3 1 0
train-ticket-booking/proto/train_ticket.pb.go:493.2,493.11 1 0
train-ticket-booking/proto/train_ticket.pb.go:504.32,509.2 4 0
train-ticket-booking/proto/train_ticket.pb.go:511.40,513.2 1 0
train-ticket-booking/proto/train_ticket.pb.go:515.38,515.39 0 0
train-ticket-booking/proto/train_ticket.pb.go:517.60,519.14 2 1
train-ticket-booking/proto/train_ticket.pb.go:519.14,521.34 2 0
train-ticket-booking/proto/train_ticket.pb.go:521.34,523.4 1 0
train-ticket-booking/proto/train_ticket.pb.go:524.3,524.12 1 0
train-ticket-booking/proto/train_ticket.pb.go:526.2,526.24 1 1
train-ticket-booking/proto/train_ticket.pb.go:530.51,532.2 1 0
train-ticket-booking/proto/train_ticket.pb.go:534.40,535.14 1 0
train-ticket-booking/proto/train_ticket.pb.go:535.14,537.3 1 0
train-ticket-booking/proto/train_ticket.pb.go:538.2,538.12 1 0
train-ticket-booking/proto/train_ticket.pb.go:541.41,542.14 1 0
train-ticket-booking/proto/train_ticket.pb.go:542.14,544.3 1 0
train-ticket-booking/proto/train_ticket.pb.go:545.2,545.11 1 0
train-ticket-booking/proto/train_ticket.pb.go:556.42,561.2 4 1
train-ticket-booking/proto/train_ticket.pb.go:563.50,565.2 1 0
train-ticket-booking/proto/train_ticket.pb.go:567.48,567.49 0 0
train-ticket-booking/proto/train_ticket.pb.go:569.70,571.14 2 1
train-ticket-booking/proto/train_ticket.pb.go:571.14,573.34 2 1
train-ticket-booking/proto/train_ticket.pb.go:573.34,575.4 1 1
train-ticket-booking/proto/train_ticket.pb.go:576.3,576.12 1 1
train-ticket-booking/proto/train_ticket.pb.go:578.2,578.24 1 0
train-ticket-booking/proto/train_ticket.pb.go:582.61,584.2 1 0
train-ticket-booking/proto/train_ticket.pb.go:586.68,587.14 1 0
train-ticket-booking/proto/train_ticket.pb.go:587.14,589.3 1 0
train-ticket-booking/proto/train_ticket.pb.go:590.2,590.12 1 0
train-ticket-booking/proto/train_ticket.pb.go:593.54,594.14 1 0
train-ticket-booking/proto/train_ticket.pb.go:594.14,596.3 1 0
train-ticket-booking/proto/train_ticket.pb.go:597.2,597.11 1 0
train-ticket-booking/proto/train_ticket.pb.go:607.37,612.2 4 1
train-ticket-booking/proto/train_ticket.pb.go:614.45,616.2 1 1
train-ticket-booking/proto/train_ticket.pb.go:618.43,618.44 0 0
train-ticket-booking/proto/train_ticket.pb.go:620.65,622.14 2 1
train-ticket-booking/proto/train_ticket.pb.go:622.14,624.34 2 1
train-ticket-booking/proto/train_ticket.pb.go:624.34,626.4 1 1
train-ticket-booking/proto/train_ticket.pb.go:627.3,627.12 1 1
train-ticket-booking/proto/train_ticket.pb.go:629.2,629.24 1 0
train-ticket-booking/proto/train_ticket.pb.go:633.56,635.2 1 0
train-ticket-booking/proto/train_ticket.pb.go:637.47,638.14 1 0
train-ticket-booking/proto/train_ticket.pb.go:638.14,640.3 1 0
train-ticket-booking/proto/train_ticket.pb.go:641.2,641.11 1 0
train-ticket-booking/proto/train_ticket.pb.go:652.38,657.2 4 1
train-ticket-booking/proto/train_ticket.pb.go:659.46,661.2 1 0
train-ticket-booking/proto/train_ticket.pb.go:663.44,663.45 0 0
train-ticket-booking/proto/train_ticket.pb.go:665.66,667.14 2 1
train-ticket-booking/proto/train_ticket.pb.go:667.14,669.34 2 1
train-ticket-booking/proto/train_ticket.pb.go:669.34,671.4 1 1
train-ticket-booking/proto/train_ticket.pb.go:672.3,672.12 1 1
train-ticket-booking/proto/train_ticket.pb.go:674.2,674.24 1 0
train-ticket-booking/proto/train_ticket.pb.go:678.57,680.2 1 0
train-ticket-booking/proto/train_ticket.pb.go:682.48,683.14 1 0
train-ticket-booking/proto/train_ticket.pb.go:683.14,685.3 1 0
train-ticket-booking/proto/train_ticket.pb.go:686.2,686.14 1 0
train-ticket-booking/proto/train_ticket.pb.go:689.50,690.14 1 0
train-ticket-booking/proto/train_ticket.pb.go:690.14,692.3 1 0
train-ticket-booking/proto/train_ticket.pb.go:693.2,693.11 1 0
train-ticket-booking/proto/train_ticket.pb.go:705.37,710.2 4 1
train-ticket-booking/proto/train_ticket.pb.go:712.45,714.2 1 1
train-ticket-booking/proto/train_ticket.pb.go:716.43,716.44 0 0
train-ticket-booking/proto/train_ticket.pb.go:718.65,720.14 2 1
train-ticket-booking/proto/train_ticket.pb.go:720.14,722.34 2 1
train-ticket-booking/proto/train_ticket.pb.go:722.34,724.4 1 1
train-ticket-booking/proto/train_ticket.pb.go:725.3,725.12 1 1
train-ticket-booking/proto/train_ticket.pb.go:727.2,727.24 1 0
train-ticket-booking/proto/train_ticket.pb.go:731.56,733.2 1 0
train-ticket-booking/proto/train_ticket.pb.go:735.47,736.14 1 0
train-ticket-booking/proto/train_ticket.pb.go:736.14,738.3 1 0
train-ticket-booking/proto/train_ticket.pb.go:739.2,739.11 1 0
train-ticket-booking/proto/train_ticket.pb.go:742.49,743.14 1 0
train-ticket-booking/proto/train_ticket.pb.go:743.14,745.3 1 0
train-ticket-booking/proto/train_ticket.pb.go:746.2,746.11 1 0
train-ticket-booking/proto/train_ticket.pb.go:749.52,750.14 1 0
train-ticket-booking/proto/train_ticket.pb.go:750.14,752.3 1 0
train-ticket-booking/proto/train_ticket.pb.go:753.2,753.11 1 0
train-ticket-booking/proto/train_ticket.pb.go:766.38,771.2 4 1
train-ticket-booking/proto/train_ticket.pb.go:773.46,775.2 1 0
train-ticket-booking/proto/train_ticket.pb.go:777.44,777.45 0 0
train-ticket-booking/proto/train_ticket.pb.go:779.66,781.14 2 1
train-ticket-booking/proto/train_ticket.pb.go:781.14,783.34 2 1
train-ticket-booking/proto/train_ticket.pb.go:783.34,785.4 1 1
train-ticket-booking/proto/train_ticket.pb.go:786.3,786.12 1 1
train-ticket-booking/proto/train_ticket.pb.go:788.2,788.24 1 0
train-ticket-booking/proto/train_ticket.pb.go:792.57,794.2 1 0
train-ticket-booking/proto/train_ticket.pb.go:796.48,797.14 1 0
train-ticket-booking/proto/train_ticket.pb.go:797.14,799.3 1 0
train-ticket-booking/proto/train_ticket.pb.go:800.2,800.14 1 0
train-ticket-booking/proto/train_ticket.pb.go:803.50,804.14 1 0
train-ticket-booking/proto/train_ticket.pb.go:804.14,806.3 1 0
train-ticket-booking/proto/train_ticket.pb.go:807.2,807.11 1 0
train-ticket-booking/proto/train_ticket.pb.go:810.53,811.14 1 0
train-ticket-booking/proto/train_ticket.pb.go:811.14,813.3 1 0
train-ticket-booking/proto/train_ticket.pb.go:814.2,814.11 1 0
train-ticket-booking/proto/train_ticket.pb.go:817.50,818.14 1 0
train-ticket-booking/proto/train_ticket.pb.go:818.14,820.3 1 0
train-ticket-booking/proto/train_ticket.pb.go:821.2,821.11 1 0
train-ticket-booking/proto/train_ticket.pb.go:940.51,941.48 1 0
train-ticket-booking/proto/train_ticket.pb.go:941.48,943.3 1 0
train-ticket-booking/proto/train_ticket.pb.go:944.2,944.44 1 0
train-ticket-booking/proto/train_ticket.pb.go:989.13,989.47 1 1
train-ticket-booking/proto/train_ticket.pb.go:990.37,991.36 1 1
train-ticket-booking/proto/train_ticket.pb.go:991.36,993.3 1 0
train-ticket-booking/proto/train_ticket.pb.go:994.2,1010.39 5 1
train-ticket-booking/proto/train_ticket_grpc.pb.go:44.88,46.2 1 1
train-ticket-booking/proto/train_ticket_grpc.pb.go:48.145,52.16 4 1
train-ticket-booking/proto/train_ticket_grpc.pb.go:52.16,54.3 1 0
train-ticket-booking/proto/train_ticket_grpc.pb.go:55.2,55.17 1 1
train-ticket-booking/proto/train_ticket_grpc.pb.go:58.139,62.16 4 1
train-ticket-booking/proto/train_ticket_grpc.pb.go:62.16,64.3 1 0
train-ticket-booking/proto/train_ticket_grpc.pb.go:65.2,65.17 1 1
train-ticket-booking/proto/train_ticket_grpc.pb.go:68.160,72.16 4 1
train-ticket-booking/proto/train_ticket_grpc.pb.go:72.16,74.3 1 0
train-ticket-booking/proto/train_ticket_grpc.pb.go:75.2,75.17 1 1
train-ticket-booking/proto/train_ticket_grpc.pb.go:78.145,82.16 4 1
train-ticket-booking/proto/train_ticket_grpc.pb.go:82.16,84.3 1 0
train-ticket-booking/proto/train_ticket_grpc.pb.go:85.2,85.17 1 1
train-ticket-booking/proto/train_ticket_grpc.pb.go:88.145,92.16 4 1
train-ticket-booking/proto/train_ticket_grpc.pb.go:92.16,94.3 1 0
train-ticket-booking/proto/train_ticket_grpc.pb.go:95.2,95.17 1 1
train-ticket-booking/proto/train_ticket_grpc.pb.go:117.123,119.2 1 0
train-ticket-booking/proto/train_ticket_grpc.pb.go:120.117,122.2 1 0
train-ticket-booking/proto/train_ticket_grpc.pb.go:123.138,125.2 1 0
train-ticket-booking/proto/train_ticket_grpc.pb.go:126.123,128.2 1 0
train-ticket-booking/proto/train_ticket_grpc.pb.go:129.123,131.2 1 0
train-ticket-booking/proto/train_ticket_grpc.pb.go:132.96,132.97 0 0
train-ticket-booking/proto/train_ticket_grpc.pb.go:133.96,133.97 0 1
train-ticket-booking/proto/train_ticket_grpc.pb.go:142.94,147.59 1 1
train-ticket-booking/proto/train_ticket_grpc.pb.go:147.59,149.3 1 1
train-ticket-booking/proto/train_ticket_grpc.pb.go:150.2,150.57 1 1
train-ticket-booking/proto/train_ticket_grpc.pb.go:153.178,155.32 2 1
train-ticket-booking/proto/train_ticket_grpc.pb.go:155.32,157.3 1 0
train-ticket-booking/proto/train_ticket_grpc.pb.go:158.2,158.24 1 1
train-ticket-booking/proto/train_ticket_grpc.pb.go:158.24,160.3 1 1
train-ticket-booking/proto/train_ticket_grpc.pb.go:161.2,165.77 2 0
train-ticket-booking/proto/train_ticket_grpc.pb.go:165.77,167.3 1 0
train-ticket-booking/proto/train_ticket_grpc.pb.go:168.2,168.44 1 0
train-ticket-booking/proto/train_ticket_grpc.pb.go:171.174,173.32 2 1
train-ticket-booking/proto/train_ticket_grpc.pb.go:173.32,175.3 1 0
train-ticket-booking/proto/train_ticket_grpc.pb.go:176.2,176.24 1 1
train-ticket-booking/proto/train_ticket_grpc.pb.go:176.24,178.3 1 1
train-ticket-booking/proto/train_ticket_grpc.pb.go:179.2,183.77 2 0
train-ticket-booking/proto/train_ticket_grpc.pb.go:183.77,185.3 1 0
train-ticket-booking/proto/train_ticket_grpc.pb.go:186.2,186.44 1 0
train-ticket-booking/proto/train_ticket_grpc.pb.go:189.181,191.32 2 1
train-ticket-booking/proto/train_ticket_grpc.pb.go:191.32,193.3 1 0
train-ticket-booking/proto/train_ticket_grpc.pb.go:194.2,194.24 1 1
train-ticket-booking/proto/train_ticket_grpc.pb.go:194.24,196.3 1 1
train-ticket-booking/proto/train_ticket_grpc.pb.go:197.2,201.77 2 0
train-ticket-booking/proto/train_ticket_grpc.pb.go:201.77,203.3 1 0
train-ticket-booking/proto/train_ticket_grpc.pb.go:204.2,204.44 1 0
train-ticket-booking/proto/train_ticket_grpc.pb.go:207.174,209.32 2 1
train-ticket-booking/proto/train_ticket_grpc.pb.go:209.32,211.3 1 0
train-ticket-booking/proto/train_ticket_grpc.pb.go:212.2,212.24 1 1
train-ticket-booking/proto/train_ticket_grpc.pb.go:212.24,214.3 1 1
train-ticket-booking/proto/train_ticket_grpc.pb.go:215.2,219.77 2 0
train-ticket-booking/proto/train_ticket_grpc.pb.go:219.77,221.3 1 0
train-ticket-booking/proto/train_ticket_grpc.pb.go:222.2,222.44 1 0
train-ticket-booking/proto/train_ticket_grpc.pb.go:225.174,227.32 2 1
train-ticket-booking/proto/train_ticket_grpc.pb.go:227.32,229.3 1 0
train-ticket-booking/proto/train_ticket_grpc.pb.go:230.2,230.24 1 1
train-ticket-booking/proto/train_ticket_grpc.pb.go:230.24,232.3 1 1
train-ticket-booking/proto/train_ticket_grpc.pb.go:233.2,237.77 2 0
train-ticket-booking/proto/train_ticket_grpc.pb.go:237.77,239.3 1 0
train-ticket-booking/proto/train_ticket_grpc.pb.go:240.2,240.44 1 0
train-ticket-booking/models/receipt.go:14.40,21.2 1 1
train-ticket-booking/models/receipt.go:24.34,27.2 1 1
train-ticket-booking/models/ticket.go:16.92,25.2 1 1
train-ticket-booking/models/ticket.go:28.33,31.2 1 1
train-ticket-booking/models/user.go:13.54,19.2 1 1
train-ticket-booking/models/user.go:22.31,24.2 1 1
train-ticket-booking/proto/train_ticket.pb.go:33.24,38.2 4 0
train-ticket-booking/proto/train_ticket.pb.go:40.32,42.2 1 0
train-ticket-booking/proto/train_ticket.pb.go:44.30,44.31 0 0
train-ticket-booking/proto/train_ticket.pb.go:46.52,48.14 2 0
train-ticket-booking/proto/train_ticket.pb.go:48.14,50.34 2 0
train-ticket-booking/proto/train_ticket.pb.go:50.34,52.4 1 0
train-ticket-booking/proto/train_ticket.pb.go:53.3,53.12 1 0
train-ticket-booking/proto/train_ticket.pb.go:55.2,55.24 1 0
train-ticket-booking/proto/train_ticket.pb.go:59.43,61.2 1 0
train-ticket-booking/proto/train_ticket.pb.go:63.38,64.14 1 0
train-ticket-booking/proto/train_ticket.pb.go:64.14,66.3 1 0
train-ticket-booking/proto/train_ticket.pb.go:67.2,67.11 1 0
train-ticket-booking/proto/train_ticket.pb.go:70.37,71.14 1 0
train-ticket-booking/proto/train_ticket.pb.go:71.14,73.3 1 0
train-ticket-booking/proto/train_ticket.pb.go:74.2,74.11 1 0
train-ticket-booking/proto/train_ticket.pb.go:77.34,78.14 1 0
train-ticket-booking/proto/train_ticket.pb.go:78.14,80.3 1 0
train-ticket-booking/proto/train_ticket.pb.go:81.2,81.11 1 0
train-ticket-booking/proto/train_ticket.pb.go:96.26,101.2 4 0
train-ticket-booking/proto/train_ticket.pb.go:103.34,105.2 1 0
train-ticket-booking/proto/train_ticket.pb.go:107.32,107.33 0 0
train-ticket-booking/proto/train_ticket.pb.go:109.54,111.14 2 0
train-ticket-booking/proto/train_ticket.pb.go:111.14,113.34 2 0
train-ticket-booking/proto/train_ticket.pb.go:113.34,115.4 1 0
train-ticket-booking/proto/train_ticket.pb.go:116.3,116.12 1 0
train-ticket-booking/proto/train_ticket.pb.go:118.2,118.24 1 0
train-ticket-booking/proto/train_ticket.pb.go:122.45,124.2 1 0
train-ticket-booking/proto/train_ticket.pb.go:126.35,127.14 1 0
train-ticket-booking/proto/train_ticket.pb.go:127.14,129.3 1 0
train-ticket-booking/proto/train_ticket.pb.go:130.2,130.11 1 0
train-ticket-booking/proto/train_ticket.pb.go:133.33,134.14 1 0
train-ticket-booking/proto/train_ticket.pb.go:134.14,136.3 1 0
train-ticket-booking/proto/train_ticket.pb.go:137.2,137.11 1 0
train-ticket-booking/proto/train_ticket.pb.go:140.34,141.14 1 0
train-ticket-booking/proto/train_ticket.pb.go:141.14,143.3 1 0
train-ticket-booking/proto/train_ticket.pb.go:144.2,144.12 1 0
train-ticket-booking/proto/train_ticket.pb.go:147.37,148.14 1 0
train-ticket-booking/proto/train_ticket.pb.go:148.14,150.3 1 0
train-ticket-booking/proto/train_ticket.pb.go:151.2,151.10 1 0
train-ticket-booking/proto/train_ticket.pb.go:154.35,155.14 1 0
train-ticket-booking/proto/train_ticket.pb.go:155.14,157.3 1 0
train-ticket-booking/proto/train_ticket.pb.go:158.2,158.11 1 0
train-ticket-booking/proto/train_ticket.pb.go:161.38,162.14 1 0
train-ticket-booking/proto/train_ticket.pb.go:162.14,164.3 1 0
train-ticket-booking/proto/train_ticket.pb.go:165.2,165.11 1 0
train-ticket-booking/proto/train_ticket.pb.go:178.35,183.2 4 0
train-ticket-booking/proto/train_ticket.pb.go:185.43,187.2 1 0
train-ticket-booking/proto/train_ticket.pb.go:189.41,189.42 0 0
train-ticket-booking/proto/train_ticket.pb.go:191.63,193.14 2 0
train-ticket-booking/proto/train_ticket.pb.go:193.14,195.34 2 0
train-ticket-booking/proto/train_ticket.pb.go:195.34,197.4 1 0
train-ticket-booking/proto/train_ticket.pb.go:198.3,198.12 1 0
train-ticket-booking/proto/train_ticket.pb.go:200.2,200.24 1 0
train-ticket-booking/proto/train_ticket.pb.go:204.54,206.2 1 0
train-ticket-booking/proto/train_ticket.pb.go:208.44,209.14 1 0
train-ticket-booking/proto/train_ticket.pb.go:209.14,211.3 1 0
train-ticket-booking/proto/train_ticket.pb.go:212.2,212.11 1 0
train-ticket-booking/proto/train_ticket.pb.go:215.42,216.14 1 0
train-ticket-booking/proto/train_ticket.pb.go:216.14,218.3 1 0
train-ticket-booking/proto/train_ticket.pb.go:219.2,219.11 1 0
train-ticket-booking/proto/train_ticket.pb.go:222.43,223.14 1 0
train-ticket-booking/proto/train_ticket.pb.go:223.14,225.3 1 0
train-ticket-booking/proto/train_ticket.pb.go:226.2,226.12 1 0
train-ticket-booking/proto/train_ticket.pb.go:229.50,230.14 1 0
train-ticket-booking/proto/train_ticket.pb.go:230.14,232.3 1 0
train-ticket-booking/proto/train_ticket.pb.go:233.2,233.10 1 0
train-ticket-booking/proto/train_ticket.pb.go:244.36,249.2 4 0
train-ticket-booking/proto/train_ticket.pb.go:251.44,253.2 1 0
train-ticket-booking/proto/train_ticket.pb.go:255.42,255.43 0 0
train-ticket-booking/proto/train_ticket.pb.go:257.64,259.14 2 0
train-ticket-booking/proto/train_ticket.pb.go:259.14,261.34 2 0
train-ticket-booking/proto/train_ticket.pb.go:261.34,263.4 1 0
train-ticket-booking/proto/train_ticket.pb.go:264.3,264.12 1 0
train-ticket-booking/proto/train_ticket.pb.go:266.2,266.24 1 0
train-ticket-booking/proto/train_ticket.pb.go:270.55,272.2 1 0
train-ticket-booking/proto/train_ticket.pb.go:274.48,275.14 1 0
train-ticket-booking/proto/train_ticket.pb.go:275.14,277.3 1 0
train-ticket-booking/proto/train_ticket.pb.go:278.2,278.12 1 0
train-ticket-booking/proto/train_ticket.pb.go:281.48,282.14 1 0
train-ticket-booking/proto/train_ticket.pb.go:282.14,284.3 1 0
train-ticket-booking/proto/train_ticket.pb.go:285.2,285.11 1 0
train-ticket-booking/proto/train_ticket.pb.go:298.27,303.2 4 0
train-ticket-booking/proto/train_ticket.pb.go:305.35,307.2 1 0
train-ticket-booking/proto/train_ticket.pb.go:309.33,309.34 0 0
train-ticket-booking/proto/train_ticket.pb.go:311.55,313.14 2 0
train-ticket-booking/proto/train_ticket.pb.go:313.14,315.34 2 0
train-ticket-booking/proto/train_ticket.pb.go:315.34,317.4 1 0
train-ticket-booking/proto/train_ticket.pb.go:318.3,318.12 1 0
train-ticket-booking/proto/train_ticket.pb.go:320.2,320.24 1 0
train-ticket-booking/proto/train_ticket.pb.go:324.46,326.2 1 0
train-ticket-booking/proto/train_ticket.pb.go:328.36,329.14 1 0
train-ticket-booking/proto/train_ticket.pb.go:329.14,331.3 1 0
train-ticket-booking/proto/train_ticket.pb.go:332.2,332.11 1 0
train-ticket-booking/proto/train_ticket.pb.go:335.34,336.14 1 0
train-ticket-booking/proto/train_ticket.pb.go:336.14,338.3 1 0
train-ticket-booking/proto/train_ticket.pb.go:339.2,339.11 1 0
train-ticket-booking/proto/train_ticket.pb.go:342.35,343.14 1 0
train-ticket-booking/proto/train_ticket.pb.go:343.14,345.3 1 0
train-ticket-booking/proto/train_ticket.pb.go:346.2,346.12 1 0
train-ticket-booking/proto/train_ticket.pb.go:349.42,350.14 1 0
train-ticket-booking/proto/train_ticket.pb.go:350.14,352.3 1 0
train-ticket-booking/proto/train_ticket.pb.go:353.2,353.10 1 0
train-ticket-booking/proto/train_ticket.pb.go:363.34,368.2 4 0
train-ticket-booking/proto/train_ticket.pb.go:370.42,372.2 1 0
train-ticket-booking/proto/train_ticket.pb.go:374.40,374.41 0 0
train-ticket-booking/proto/train_ticket.pb.go:376.62,378.14 2 0
train-ticket-booking/proto/train_ticket.pb.go:378.14,380.34 2 0
train-ticket-booking/proto/train_ticket.pb.go:380.34,382.4 1 0
train-ticket-booking/proto/train_ticket.pb.go:383.3,383.12 1 0
train-ticket-booking/proto/train_ticket.pb.go:385.2,385.24 1 0
train-ticket-booking/proto/train_ticket.pb.go:389.53,391.2 1 0
train-ticket-booking/proto/train_ticket.pb.go:393.44,394.14 1 0
train-ticket-booking/proto/train_ticket.pb.go:394.14,396.3 1 0
train-ticket-booking/proto/train_ticket.pb.go:397.2,397.11 1 0
train-ticket-booking/proto/train_ticket.pb.go:408.35,413.2 4 0
train-ticket-booking/proto/train_ticket.pb.go:415.43,417.2 1 0
train-ticket-booking/proto/train_ticket.pb.go:419.41,419.42 0 0
train-ticket-booking/proto/train_ticket.pb.go:421.63,423.14 2 0
train-ticket-booking/proto/train_ticket.pb.go:423.14,425.34 2 0
train-ticket-booking/proto/train_ticket.pb.go:425.34,427.4 1 0
train-ticket-booking/proto/train_ticket.pb.go:428.3,428.12 1 0
train-ticket-booking/proto/train_ticket.pb.go:430.2,430.24 1 0
train-ticket-booking/proto/train_ticket.pb.go:434.54,436.2 1 0
train-ticket-booking/proto/train_ticket.pb.go:438.49,439.14 1 0
train-ticket-booking/proto/train_ticket.pb.go:439.14,441.3 1 0
train-ticket-booking/proto/train_ticket.pb.go:442.2,442.12 1 0
train-ticket-booking/proto/train_ticket.pb.go:445.47,446.14 1 0
train-ticket-booking/proto/train_ticket.pb.go:446.14,448.3 1 0
train-ticket-booking/proto/train_ticket.pb.go:449.2,449.11 1 0
train-ticket-booking/proto/train_ticket.pb.go:459.41,464.2 4 0
train-ticket-booking/proto/train_ticket.pb.go:466.49,468.2 1 0
train-ticket-booking/proto/train_ticket.pb.go:470.47,470.48 0 0
train-ticket-booking/proto/train_ticket.pb.go:472.69,474.14 2 0
train-ticket-booking/proto/train_ticket.pb.go:474.14,476.34 2 0
train-ticket-booking/proto/train_ticket.pb.go:476.34,478.4 1 0
train-ticket-booking/proto/train_ticket.pb.go:479.3,479.12 1 0
train-ticket-booking/proto/train_ticket.pb.go:481.2,481.24 1 0
train-ticket-booking/proto/train_ticket.pb.go:485.60,487.2 1 0
train-ticket-booking/proto/train_ticket.pb.go:489.53,490.14 1 0
train-ticket-booking/proto/train_ticket.pb.go:490.14,492.3 1 0
train-ticket-booking/proto/train_ticket.pb.go:493.2,493.11 1 0
train-ticket-booking/proto/train_ticket.pb.go:504.32,509.2 4 0
train-ticket-booking/proto/train_ticket.pb.go:511.40,513.2 1 0
train-ticket-booking/proto/train_ticket.pb.go:515.38,515.39 0 0
train-ticket-booking/proto/train_ticket.pb.go:517.60,519.14 2 0
train-ticket-booking/proto/train_ticket.pb.go:519.14,521.34 2 0
train-ticket-booking/proto/train_ticket.pb.go:521.34,523.4 1 0
train-ticket-booking/proto/train_ticket.pb.go:524.3,524.12 1 0
train-ticket-booking/proto/train_ticket.pb.go:526.2,526.24 1 0
train-ticket-booking/proto/train_ticket.pb.go:530.51,532.2 1 0
train-ticket-booking/proto/train_ticket.pb.go:534.40,535.14 1 0
train-ticket-booking/proto/train_ticket.pb.go:535.14,537.3 1 0
train-ticket-booking/proto/train_ticket.pb.go:538.2,538.12 1 0
train-ticket-booking/proto/train_ticket.pb.go:541.41,542.14 1 0
train-ticket-booking/proto/train_ticket.pb.go:542.14,544.3 1 0
train-ticket-booking/proto/train_ticket.pb.go:545.2,545.11 1 0
train-ticket-booking/proto/train_ticket.pb.go:556.42,561.2 4 0
train-ticket-booking/proto/train_ticket.pb.go:563.50,565.2 1 0
train-ticket-booking/proto/train_ticket.pb.go:567.48,567.49 0 0
train-ticket-booking/proto/train_ticket.pb.go:569.70,571.14 2 0
train-ticket-booking/proto/train_ticket.pb.go:571.14,573.34 2 0
train-ticket-booking/proto/train_ticket.pb.go:573.34,575.4 1 0
train-ticket-booking/proto/train_ticket.pb.go:576.3,576.12 1 0
train-ticket-booking/proto/train_ticket.pb.go:578.2,578.24 1 0
train-ticket-booking/proto/train_ticket.pb.go:582.61,584.2 1 0
train-ticket-booking/proto/train_ticket.pb.go:586.68,587.14 1 0
train-ticket-booking/proto/train_ticket.pb.go:587.14,589.3 1 0
train-ticket-booking/proto/train_ticket.pb.go:590.2,590.12 1 0
train-ticket-booking/proto/train_ticket.pb.go:593.54,594.14 1 0
train-ticket-booking/proto/train_ticket.pb.go:594.14,596.3 1 0
train-ticket-booking/proto/train_ticket.pb.go:597.2,597.11 1 0
train-ticket-booking/proto/train_ticket.pb.go:607.37,612.2 4 0
train-ticket-booking/proto/train_ticket.pb.go:614.45,616.2 1 0
train-ticket-booking/proto/train_ticket.pb.go:618.43,618.44 0 0
train-ticket-booking/proto/train_ticket.pb.go:620.65,622.14 2 0
train-ticket-booking/proto/train_ticket.pb.go:622.14,624.34 2 0
train-ticket-booking/proto/train_ticket.pb.go:624.34,626.4 1 0
train-ticket-booking/proto/train_ticket.pb.go:627.3,627.12 1 0
train-ticket-booking/proto/train_ticket.pb.go:629.2,629.24 1 0
train-ticket-booking/proto/train_ticket.pb.go:633.56,635.2 1 0
train-ticket-booking/proto/train_ticket.pb.go:637.47,638.14 1 0
train-ticket-booking/proto/train_ticket.pb.go:638.14,640.3 1 0
train-ticket-booking/proto/train_ticket.pb.go:641.2,641.11 1 0
train-ticket-booking/proto/train_ticket.pb.go:652.38,657.2 4 0
train-ticket-booking/proto/train_ticket.pb.go:659.46,661.2 1 0
train-ticket-booking/proto/train_ticket.pb.go:663.44,663.45 0 0
train-ticket-booking/proto/train_ticket.pb.go:665.66,667.14 2 0
train-ticket-booking/proto/train_ticket.pb.go:667.14,669.34 2 0
train-ticket-booking/proto/train_ticket.pb.go:669.34,671.4 1 0
train-ticket-booking/proto/train_ticket.pb.go:672.3,672.12 1 0
train-ticket-booking/proto/train_ticket.pb.go:674.2,674.24 1 0
train-ticket-booking/proto/train_ticket.pb.go:678.57,680.2 1 0
train-ticket-booking/proto/train_ticket.pb.go:682.48,683.14 1 0
train-ticket-booking/proto/train_ticket.pb.go:683.14,685.3 1 0
train-ticket-booking/proto/train_ticket.pb.go:686.2,686.14 1 0
train-ticket-booking/proto/train_ticket.pb.go:689.50,690.14 1 0
train-ticket-booking/proto/train_ticket.pb.go:690.14,692.3 1 0
train-ticket-booking/proto/train_ticket.pb.go:693.2,693.11 1 0
train-ticket-booking/proto/train_ticket.pb.go:705.37,710.2 4 0
train-ticket-booking/proto/train_ticket.pb.go:712.45,714.2 1 0
train-ticket-booking/proto/train_ticket.pb.go:716.43,716.44 0 0
train-ticket-booking/proto/train_ticket.pb.go:718.65,720.14 2 0
train-ticket-booking/proto/train_ticket.pb.go:720.14,722.34 2 0
train-ticket-booking/proto/train_ticket.pb.go:722.34,724.4 1 0
train-ticket-booking/proto/train_ticket.pb.go:725.3,725.12 1 0
train-ticket-booking/proto/train_ticket.pb.go:727.2,727.24 1 0
train-ticket-booking/proto/train_ticket.pb.go:731.56,733.2 1 0
train-ticket-booking/proto/train_ticket.pb.go:735.47,736.14 1 0
train-ticket-booking/proto/train_ticket.pb.go:736.14,738.3 1 0
train-ticket-booking/proto/train_ticket.pb.go:739.2,739.11 1 0
train-ticket-booking/proto/train_ticket.pb.go:742.49,743.14 1 0
train-ticket-booking/proto/train_ticket.pb.go:743.14,745.3 1 0
train-ticket-booking/proto/train_ticket.pb.go:746.2,746.11 1 0
train-ticket-booking/proto/train_ticket.pb.go:749.52,750.14 1 0
train-ticket-booking/proto/train_ticket.pb.go:750.14,752.3 1 0
train-ticket-booking/proto/train_ticket.pb.go:753.2,753.11 1 0
train-ticket-booking/proto/train_ticket.pb.go:766.38,771.2 4 0
train-ticket-booking/proto/train_ticket.pb.go:773.46,775.2 1 0
train-ticket-booking/proto/train_ticket.pb.go:777.44,777.45 0 0
train-ticket-booking/proto/train_ticket.pb.go:779.66,781.14 2 0
train-ticket-booking/proto/train_ticket.pb.go:781.14,783.34 2 0
train-ticket-booking/proto/train_ticket.pb.go:783.34,785.4 1 0
train-ticket-booking/proto/train_ticket.pb.go:786.3,786.12 1 0
train-ticket-booking/proto/train_ticket.pb.go:788.2,788.24 1 0
train-ticket-booking/proto/train_ticket.pb.go:792.57,794.2 1 0
train-ticket-booking/proto/train_ticket.pb.go:796.48,797.14 1 0
train-ticket-booking/proto/train_ticket.pb.go:797.14,799.3 1 0
train-ticket-booking/proto/train_ticket.pb.go:800.2,800.14 1 0
train-ticket-booking/proto/train_ticket.pb.go:803.50,804.14 1 0
train-ticket-booking/proto/train_ticket.pb.go:804.14,806.3 1 0
train-ticket-booking/proto/train_ticket.pb.go:807.2,807.11 1 0
train-ticket-booking/proto/train_ticket.pb.go:810.53,811.14 1 0
train-ticket-booking/proto/train_ticket.pb.go:811.14,813.3 1 0
train-ticket-booking/proto/train_ticket.pb.go:814.2,814.11 1 0
train-ticket-booking/proto/train_ticket.pb.go:817.50,818.14 1 0
train-ticket-booking/proto/train_ticket.pb.go:818.14,820.3 1 0
train-ticket-booking/proto/train_ticket.pb.go:821.2,821.11 1 0
train-ticket-booking/proto/train_ticket.pb.go:940.51,941.48 1 0
train-ticket-booking/proto/train_ticket.pb.go:941.48,943.3 1 0
train-ticket-booking/proto/train_ticket.pb.go:944.2,944.44 1 0
train-ticket-booking/proto/train_ticket.pb.go:989.13,989.47 1 1
train-ticket-booking/proto/train_ticket.pb.go:990.37,991.36 1 1
train-ticket-booking/proto/train_ticket.pb.go:991.36,993.3 1 0
train-ticket-booking/proto/train_ticket.pb.go:994.2,1010.39 5 1
train-ticket-booking/proto/train_ticket_grpc.pb.go:44.88,46.2 1 0
train-ticket-booking/proto/train_ticket_grpc.pb.go:48.145,52.16 4 0
train-ticket-booking/proto/train_ticket_grpc.pb.go:52.16,54.3 1 0
train-ticket-booking/proto/train_ticket_grpc.pb.go:55.2,55.17 1 0
train-ticket-booking/proto/train_ticket_grpc.pb.go:58.139,62.16 4 0
train-ticket-booking/proto/train_ticket_grpc.pb.go:62.16,64.3 1 0
train-ticket-booking/proto/train_ticket_grpc.pb.go:65.2,65.17 1 0
train-ticket-booking/proto/train_ticket_grpc.pb.go:68.160,72.16 4 0
train-ticket-booking/proto/train_ticket_grpc.pb.go:72.16,74.3 1 0
train-ticket-booking/proto/train_ticket_grpc.pb.go:75.2,75.17 1 0
train-ticket-booking/proto/train_ticket_grpc.pb.go:78.145,82.16 4 0
train-ticket-booking/proto/train_ticket_grpc.pb.go:82.16,84.3 1 0
train-ticket-booking/proto/train_ticket_grpc.pb.go:85.2,85.17 1 0
train-ticket-booking/proto/train_ticket_grpc.pb.go:88.145,92.16 4 0
train-ticket-booking/proto/train_ticket_grpc.pb.go:92.16,94.3 1 0
train-ticket-booking/proto/train_ticket_grpc.pb.go:95.2,95.17 1 0
train-ticket-booking/proto/train_ticket_grpc.pb.go:117.123,119.2 1 0
train-ticket-booking/proto/train_ticket_grpc.pb.go:120.117,122.2 1 0
train-ticket-booking/proto/train_ticket_grpc.pb.go:123.138,125.2 1 0
train-ticket-booking/proto/train_ticket_grpc.pb.go:126.123,128.2 1 0
train-ticket-booking/proto/train_ticket_grpc.pb.go:129.123,131.2 1 0
train-ticket-booking/proto/train_ticket_grpc.pb.go:132.96,132.97 0 0
train-ticket-booking/proto/train_ticket_grpc.pb.go:133.96,133.97 0 0
train-ticket-booking/proto/train_ticket_grpc.pb.go:142.94,147.59 1 1
train-ticket-booking/proto/train_ticket_grpc.pb.go:147.59,149.3 1 0
train-ticket-booking/proto/train_ticket_grpc.pb.go:150.2,150.57 1 1
train-ticket-booking/proto/train_ticket_grpc.pb.go:153.178,155.32 2 0
train-ticket-booking/proto/train_ticket_grpc.pb.go:155.32,157.3 1 0
train-ticket-booking/proto/train_ticket_grpc.pb.go:158.2,158.24 1 0
train-ticket-booking/proto/train_ticket_grpc.pb.go:158.24,160.3 1 0
train-ticket-booking/proto/train_ticket_grpc.pb.go:161.2,165.77 2 0
train-ticket-booking/proto/train_ticket_grpc.pb.go:165.77,167.3 1 0
train-ticket-booking/proto/train_ticket_grpc.pb.go:168.2,168.44 1 0
train-ticket-booking/proto/train_ticket_grpc.pb.go:171.174,173.32 2 0
train-ticket-booking/proto/train_ticket_grpc.pb.go:173.32,175.3 1 0
train-ticket-booking/proto/train_ticket_grpc.pb.go:176.2,176.24 1 0
train-ticket-booking/proto/train_ticket_grpc.pb.go:176.24,178.3 1 0
train-ticket-booking/proto/train_ticket_grpc.pb.go:179.2,183.77 2 0
train-ticket-booking/proto/train_ticket_grpc.pb.go:183.77,185.3 1 0
train-ticket-booking/proto/train_ticket_grpc.pb.go:186.2,186.44 1 0
train-ticket-booking/proto/train_ticket_grpc.pb.go:189.181,191.32 2 0
train-ticket-booking/proto/train_ticket_grpc.pb.go:191.32,193.3 1 0
train-ticket-booking/proto/train_ticket_grpc.pb.go:194.2,194.24 1 0
train-ticket-booking/proto/train_ticket_grpc.pb.go:194.24,196.3 1 0
train-ticket-booking/proto/train_ticket_grpc.pb.go:197.2,201.77 2 0
train-ticket-booking/proto/train_ticket_grpc.pb.go:201.77,203.3 1 0
train-ticket-booking/proto/train_ticket_grpc.pb.go:204.2,204.44 1 0
train-ticket-booking/proto/train_ticket_grpc.pb.go:207.174,209.32 2 0
train-ticket-booking/proto/train_ticket_grpc.pb.go:209.32,211.3 1 0
train-ticket-booking/proto/train_ticket_grpc.pb.go:212.2,212.24 1 0
train-ticket-booking/proto/train_ticket_grpc.pb.go:212.24,214.3 1 0
train-ticket-booking/proto/train_ticket_grpc.pb.go:215.2,219.77 2 0
train-ticket-booking/proto/train_ticket_grpc.pb.go:219.77,221.3 1 0
train-ticket-booking/proto/train_ticket_grpc.pb.go:222.2,222.44 1 0
train-ticket-booking/proto/train_ticket_grpc.pb.go:225.174,227.32 2 0
train-ticket-booking/proto/train_ticket_grpc.pb.go:227.32,229.3 1 0
train-ticket-booking/proto/train_ticket_grpc.pb.go:230.2,230.24 1 0
train-ticket-booking/proto/train_ticket_grpc.pb.go:230.24,232.3 1 0
train-ticket-booking/proto/train_ticket_grpc.pb.go:233.2,237.77 2 0
train-ticket-booking/proto/train_ticket_grpc.pb.go:237.77,239.3 1 0
train-ticket-booking/proto/train_ticket_grpc.pb.go:240.2,240.44 1 0
train-ticket-booking/server/server.go:16.20,20.16 3 0
train-ticket-booking/server/server.go:20.16,22.3 1 0
train-ticket-booking/server/server.go:25.2,32.51 6 0
train-ticket-booking/server/server.go:32.51,34.3 1 0
